ARM GAS  C:\Users\0geda\AppData\Local\Temp\ccgC8H8K.s 			page 1


   1              		.cpu cortex-m4
   2              		.arch armv7e-m
   3              		.fpu fpv4-sp-d16
   4              		.eabi_attribute 27, 1
   5              		.eabi_attribute 28, 1
   6              		.eabi_attribute 20, 1
   7              		.eabi_attribute 21, 1
   8              		.eabi_attribute 23, 3
   9              		.eabi_attribute 24, 1
  10              		.eabi_attribute 25, 1
  11              		.eabi_attribute 26, 1
  12              		.eabi_attribute 30, 1
  13              		.eabi_attribute 34, 1
  14              		.eabi_attribute 18, 4
  15              		.file	"main.c"
  16              		.text
  17              	.Ltext0:
  18              		.cfi_sections	.debug_frame
  19              		.file 1 "Core/Src/main.c"
  20              		.section	.text.MX_GPIO_Init,"ax",%progbits
  21              		.align	1
  22              		.syntax unified
  23              		.thumb
  24              		.thumb_func
  26              	MX_GPIO_Init:
  27              	.LFB136:
   1:Core/Src/main.c **** /* USER CODE BEGIN Header */
   2:Core/Src/main.c **** /**
   3:Core/Src/main.c ****   ******************************************************************************
   4:Core/Src/main.c ****   * @file           : main.c
   5:Core/Src/main.c ****   * @brief          : Main program body
   6:Core/Src/main.c ****   ******************************************************************************
   7:Core/Src/main.c ****   * @attention
   8:Core/Src/main.c ****   *
   9:Core/Src/main.c ****   * Copyright (c) 2025 STMicroelectronics.
  10:Core/Src/main.c ****   * All rights reserved.
  11:Core/Src/main.c ****   *
  12:Core/Src/main.c ****   * This software is licensed under terms that can be found in the LICENSE file
  13:Core/Src/main.c ****   * in the root directory of this software component.
  14:Core/Src/main.c ****   * If no LICENSE file comes with this software, it is provided AS-IS.
  15:Core/Src/main.c ****   *
  16:Core/Src/main.c ****   ******************************************************************************
  17:Core/Src/main.c ****   */
  18:Core/Src/main.c **** /* USER CODE END Header */
  19:Core/Src/main.c **** /* Includes ------------------------------------------------------------------*/
  20:Core/Src/main.c **** #include "main.h"
  21:Core/Src/main.c **** 
  22:Core/Src/main.c **** /* Private includes ----------------------------------------------------------*/
  23:Core/Src/main.c **** /* USER CODE BEGIN Includes */
  24:Core/Src/main.c **** 
  25:Core/Src/main.c **** /* USER CODE END Includes */
  26:Core/Src/main.c **** 
  27:Core/Src/main.c **** /* Private typedef -----------------------------------------------------------*/
  28:Core/Src/main.c **** /* USER CODE BEGIN PTD */
  29:Core/Src/main.c **** 
  30:Core/Src/main.c **** /* USER CODE END PTD */
  31:Core/Src/main.c **** 
ARM GAS  C:\Users\0geda\AppData\Local\Temp\ccgC8H8K.s 			page 2


  32:Core/Src/main.c **** /* Private define ------------------------------------------------------------*/
  33:Core/Src/main.c **** /* USER CODE BEGIN PD */
  34:Core/Src/main.c **** int _close(int file) { (void)file; return -1; }
  35:Core/Src/main.c **** int _lseek(int file, int ptr, int dir) { (void)file; (void)ptr; (void)dir; return 0; }
  36:Core/Src/main.c **** int _read(int file, char *ptr, int len) { (void)file; (void)ptr; (void)len; return 0; }
  37:Core/Src/main.c **** int _write(int file, char *ptr, int len) { (void)file; (void)ptr; return len; }
  38:Core/Src/main.c **** /* USER CODE END PD */
  39:Core/Src/main.c **** 
  40:Core/Src/main.c **** /* Private macro -------------------------------------------------------------*/
  41:Core/Src/main.c **** /* USER CODE BEGIN PM */
  42:Core/Src/main.c **** 
  43:Core/Src/main.c **** /* USER CODE END PM */
  44:Core/Src/main.c **** 
  45:Core/Src/main.c **** /* Private variables ---------------------------------------------------------*/
  46:Core/Src/main.c **** 
  47:Core/Src/main.c **** /* USER CODE BEGIN PV */
  48:Core/Src/main.c **** 
  49:Core/Src/main.c **** /* USER CODE END PV */
  50:Core/Src/main.c **** 
  51:Core/Src/main.c **** /* Private function prototypes -----------------------------------------------*/
  52:Core/Src/main.c **** void SystemClock_Config(void);
  53:Core/Src/main.c **** static void MX_GPIO_Init(void);
  54:Core/Src/main.c **** /* USER CODE BEGIN PFP */
  55:Core/Src/main.c **** 
  56:Core/Src/main.c **** /* USER CODE END PFP */
  57:Core/Src/main.c **** 
  58:Core/Src/main.c **** /* Private user code ---------------------------------------------------------*/
  59:Core/Src/main.c **** /* USER CODE BEGIN 0 */
  60:Core/Src/main.c **** 
  61:Core/Src/main.c **** /* USER CODE END 0 */
  62:Core/Src/main.c **** 
  63:Core/Src/main.c **** /**
  64:Core/Src/main.c ****   * @brief  The application entry point.
  65:Core/Src/main.c ****   * @retval int
  66:Core/Src/main.c ****   */
  67:Core/Src/main.c **** int main(void)
  68:Core/Src/main.c **** {
  69:Core/Src/main.c ****   /* USER CODE BEGIN 1 */
  70:Core/Src/main.c **** 
  71:Core/Src/main.c ****   /* USER CODE END 1 */
  72:Core/Src/main.c **** 
  73:Core/Src/main.c ****   /* MCU Configuration--------------------------------------------------------*/
  74:Core/Src/main.c **** 
  75:Core/Src/main.c ****   /* Reset of all peripherals, Initializes the Flash interface and the Systick. */
  76:Core/Src/main.c ****   HAL_Init();
  77:Core/Src/main.c **** 
  78:Core/Src/main.c ****   /* USER CODE BEGIN Init */
  79:Core/Src/main.c **** 
  80:Core/Src/main.c ****   /* USER CODE END Init */
  81:Core/Src/main.c **** 
  82:Core/Src/main.c ****   /* Configure the system clock */
  83:Core/Src/main.c ****   SystemClock_Config();
  84:Core/Src/main.c **** 
  85:Core/Src/main.c ****   /* USER CODE BEGIN SysInit */
  86:Core/Src/main.c **** 
  87:Core/Src/main.c ****   /* USER CODE END SysInit */
  88:Core/Src/main.c **** 
ARM GAS  C:\Users\0geda\AppData\Local\Temp\ccgC8H8K.s 			page 3


  89:Core/Src/main.c ****   /* Initialize all configured peripherals */
  90:Core/Src/main.c ****   MX_GPIO_Init();
  91:Core/Src/main.c ****   /* USER CODE BEGIN 2 */
  92:Core/Src/main.c **** 
  93:Core/Src/main.c ****   /* USER CODE END 2 */
  94:Core/Src/main.c **** 
  95:Core/Src/main.c ****   /* Infinite loop */
  96:Core/Src/main.c ****   /* USER CODE BEGIN WHILE */
  97:Core/Src/main.c ****   while (1)
  98:Core/Src/main.c ****   {
  99:Core/Src/main.c **** 
 100:Core/Src/main.c ****     /* USER CODE END WHILE */
 101:Core/Src/main.c **** 
 102:Core/Src/main.c ****     /* USER CODE BEGIN 3 */
 103:Core/Src/main.c **** 	  // Toggle the LEDs with a 1s delay
 104:Core/Src/main.c **** 	  // Code to check if the board is working
 105:Core/Src/main.c **** 	  	  HAL_GPIO_TogglePin(GPIOB, GPIO_PIN_0|GPIO_PIN_1|GPIO_PIN_2|GPIO_PIN_3
 106:Core/Src/main.c **** 	                            |GPIO_PIN_4|GPIO_PIN_5|GPIO_PIN_6|GPIO_PIN_7);
 107:Core/Src/main.c **** 
 108:Core/Src/main.c **** 	  	  HAL_Delay(1000);
 109:Core/Src/main.c ****   }
 110:Core/Src/main.c ****   /* USER CODE END 3 */
 111:Core/Src/main.c **** }
 112:Core/Src/main.c **** 
 113:Core/Src/main.c **** /**
 114:Core/Src/main.c ****   * @brief System Clock Configuration
 115:Core/Src/main.c ****   * @retval None
 116:Core/Src/main.c ****   */
 117:Core/Src/main.c **** void SystemClock_Config(void)
 118:Core/Src/main.c **** {
 119:Core/Src/main.c ****   RCC_OscInitTypeDef RCC_OscInitStruct = {0};
 120:Core/Src/main.c ****   RCC_ClkInitTypeDef RCC_ClkInitStruct = {0};
 121:Core/Src/main.c **** 
 122:Core/Src/main.c ****   /** Configure the main internal regulator output voltage
 123:Core/Src/main.c ****   */
 124:Core/Src/main.c ****   __HAL_RCC_PWR_CLK_ENABLE();
 125:Core/Src/main.c ****   __HAL_PWR_VOLTAGESCALING_CONFIG(PWR_REGULATOR_VOLTAGE_SCALE3);
 126:Core/Src/main.c **** 
 127:Core/Src/main.c ****   /** Initializes the RCC Oscillators according to the specified parameters
 128:Core/Src/main.c ****   * in the RCC_OscInitTypeDef structure.
 129:Core/Src/main.c ****   */
 130:Core/Src/main.c ****   RCC_OscInitStruct.OscillatorType = RCC_OSCILLATORTYPE_HSI;
 131:Core/Src/main.c ****   RCC_OscInitStruct.HSIState = RCC_HSI_ON;
 132:Core/Src/main.c ****   RCC_OscInitStruct.HSICalibrationValue = RCC_HSICALIBRATION_DEFAULT;
 133:Core/Src/main.c ****   RCC_OscInitStruct.PLL.PLLState = RCC_PLL_NONE;
 134:Core/Src/main.c ****   if (HAL_RCC_OscConfig(&RCC_OscInitStruct) != HAL_OK)
 135:Core/Src/main.c ****   {
 136:Core/Src/main.c ****     Error_Handler();
 137:Core/Src/main.c ****   }
 138:Core/Src/main.c **** 
 139:Core/Src/main.c ****   /** Initializes the CPU, AHB and APB buses clocks
 140:Core/Src/main.c ****   */
 141:Core/Src/main.c ****   RCC_ClkInitStruct.ClockType = RCC_CLOCKTYPE_HCLK|RCC_CLOCKTYPE_SYSCLK
 142:Core/Src/main.c ****                               |RCC_CLOCKTYPE_PCLK1|RCC_CLOCKTYPE_PCLK2;
 143:Core/Src/main.c ****   RCC_ClkInitStruct.SYSCLKSource = RCC_SYSCLKSOURCE_HSI;
 144:Core/Src/main.c ****   RCC_ClkInitStruct.AHBCLKDivider = RCC_SYSCLK_DIV1;
 145:Core/Src/main.c ****   RCC_ClkInitStruct.APB1CLKDivider = RCC_HCLK_DIV1;
ARM GAS  C:\Users\0geda\AppData\Local\Temp\ccgC8H8K.s 			page 4


 146:Core/Src/main.c ****   RCC_ClkInitStruct.APB2CLKDivider = RCC_HCLK_DIV1;
 147:Core/Src/main.c **** 
 148:Core/Src/main.c ****   if (HAL_RCC_ClockConfig(&RCC_ClkInitStruct, FLASH_LATENCY_0) != HAL_OK)
 149:Core/Src/main.c ****   {
 150:Core/Src/main.c ****     Error_Handler();
 151:Core/Src/main.c ****   }
 152:Core/Src/main.c **** }
 153:Core/Src/main.c **** 
 154:Core/Src/main.c **** /**
 155:Core/Src/main.c ****   * @brief GPIO Initialization Function
 156:Core/Src/main.c ****   * @param None
 157:Core/Src/main.c ****   * @retval None
 158:Core/Src/main.c ****   */
 159:Core/Src/main.c **** static void MX_GPIO_Init(void)
 160:Core/Src/main.c **** {
  28              		.loc 1 160 1 view -0
  29              		.cfi_startproc
  30              		@ args = 0, pretend = 0, frame = 24
  31              		@ frame_needed = 0, uses_anonymous_args = 0
  32 0000 30B5     		push	{r4, r5, lr}
  33              	.LCFI0:
  34              		.cfi_def_cfa_offset 12
  35              		.cfi_offset 4, -12
  36              		.cfi_offset 5, -8
  37              		.cfi_offset 14, -4
  38 0002 87B0     		sub	sp, sp, #28
  39              	.LCFI1:
  40              		.cfi_def_cfa_offset 40
 161:Core/Src/main.c ****   GPIO_InitTypeDef GPIO_InitStruct = {0};
  41              		.loc 1 161 3 view .LVU1
  42              		.loc 1 161 20 is_stmt 0 view .LVU2
  43 0004 0024     		movs	r4, #0
  44 0006 0194     		str	r4, [sp, #4]
  45 0008 0294     		str	r4, [sp, #8]
  46 000a 0394     		str	r4, [sp, #12]
  47 000c 0494     		str	r4, [sp, #16]
  48 000e 0594     		str	r4, [sp, #20]
 162:Core/Src/main.c **** /* USER CODE BEGIN MX_GPIO_Init_1 */
 163:Core/Src/main.c **** /* USER CODE END MX_GPIO_Init_1 */
 164:Core/Src/main.c **** 
 165:Core/Src/main.c ****   /* GPIO Ports Clock Enable */
 166:Core/Src/main.c ****   __HAL_RCC_GPIOB_CLK_ENABLE();
  49              		.loc 1 166 3 is_stmt 1 view .LVU3
  50              	.LBB4:
  51              		.loc 1 166 3 view .LVU4
  52 0010 0094     		str	r4, [sp]
  53              		.loc 1 166 3 view .LVU5
  54 0012 0E4B     		ldr	r3, .L3
  55 0014 1A6B     		ldr	r2, [r3, #48]
  56 0016 42F00202 		orr	r2, r2, #2
  57 001a 1A63     		str	r2, [r3, #48]
  58              		.loc 1 166 3 view .LVU6
  59 001c 1B6B     		ldr	r3, [r3, #48]
  60 001e 03F00203 		and	r3, r3, #2
  61 0022 0093     		str	r3, [sp]
  62              		.loc 1 166 3 view .LVU7
  63 0024 009B     		ldr	r3, [sp]
ARM GAS  C:\Users\0geda\AppData\Local\Temp\ccgC8H8K.s 			page 5


  64              	.LBE4:
  65              		.loc 1 166 3 view .LVU8
 167:Core/Src/main.c **** 
 168:Core/Src/main.c ****   /*Configure GPIO pin Output Level */
 169:Core/Src/main.c ****   HAL_GPIO_WritePin(GPIOB, GPIO_PIN_0|GPIO_PIN_1|GPIO_PIN_2|GPIO_PIN_3
  66              		.loc 1 169 3 view .LVU9
  67 0026 0A4D     		ldr	r5, .L3+4
  68 0028 2246     		mov	r2, r4
  69 002a FF21     		movs	r1, #255
  70 002c 2846     		mov	r0, r5
  71 002e FFF7FEFF 		bl	HAL_GPIO_WritePin
  72              	.LVL0:
 170:Core/Src/main.c ****                           |GPIO_PIN_4|GPIO_PIN_5|GPIO_PIN_6|GPIO_PIN_7, GPIO_PIN_RESET);
 171:Core/Src/main.c **** 
 172:Core/Src/main.c ****   /*Configure GPIO pins : PB0 PB1 PB2 PB3
 173:Core/Src/main.c ****                            PB4 PB5 PB6 PB7 */
 174:Core/Src/main.c ****   GPIO_InitStruct.Pin = GPIO_PIN_0|GPIO_PIN_1|GPIO_PIN_2|GPIO_PIN_3
  73              		.loc 1 174 3 view .LVU10
  74              		.loc 1 174 23 is_stmt 0 view .LVU11
  75 0032 FF23     		movs	r3, #255
  76 0034 0193     		str	r3, [sp, #4]
 175:Core/Src/main.c ****                           |GPIO_PIN_4|GPIO_PIN_5|GPIO_PIN_6|GPIO_PIN_7;
 176:Core/Src/main.c ****   GPIO_InitStruct.Mode = GPIO_MODE_OUTPUT_PP;
  77              		.loc 1 176 3 is_stmt 1 view .LVU12
  78              		.loc 1 176 24 is_stmt 0 view .LVU13
  79 0036 0123     		movs	r3, #1
  80 0038 0293     		str	r3, [sp, #8]
 177:Core/Src/main.c ****   GPIO_InitStruct.Pull = GPIO_NOPULL;
  81              		.loc 1 177 3 is_stmt 1 view .LVU14
  82              		.loc 1 177 24 is_stmt 0 view .LVU15
  83 003a 0394     		str	r4, [sp, #12]
 178:Core/Src/main.c ****   GPIO_InitStruct.Speed = GPIO_SPEED_FREQ_LOW;
  84              		.loc 1 178 3 is_stmt 1 view .LVU16
  85              		.loc 1 178 25 is_stmt 0 view .LVU17
  86 003c 0494     		str	r4, [sp, #16]
 179:Core/Src/main.c ****   HAL_GPIO_Init(GPIOB, &GPIO_InitStruct);
  87              		.loc 1 179 3 is_stmt 1 view .LVU18
  88 003e 01A9     		add	r1, sp, #4
  89 0040 2846     		mov	r0, r5
  90 0042 FFF7FEFF 		bl	HAL_GPIO_Init
  91              	.LVL1:
 180:Core/Src/main.c **** 
 181:Core/Src/main.c **** /* USER CODE BEGIN MX_GPIO_Init_2 */
 182:Core/Src/main.c **** /* USER CODE END MX_GPIO_Init_2 */
 183:Core/Src/main.c **** }
  92              		.loc 1 183 1 is_stmt 0 view .LVU19
  93 0046 07B0     		add	sp, sp, #28
  94              	.LCFI2:
  95              		.cfi_def_cfa_offset 12
  96              		@ sp needed
  97 0048 30BD     		pop	{r4, r5, pc}
  98              	.L4:
  99 004a 00BF     		.align	2
 100              	.L3:
 101 004c 00380240 		.word	1073887232
 102 0050 00040240 		.word	1073873920
 103              		.cfi_endproc
ARM GAS  C:\Users\0geda\AppData\Local\Temp\ccgC8H8K.s 			page 6


 104              	.LFE136:
 106              		.section	.text._close,"ax",%progbits
 107              		.align	1
 108              		.global	_close
 109              		.syntax unified
 110              		.thumb
 111              		.thumb_func
 113              	_close:
 114              	.LVL2:
 115              	.LFB130:
  34:Core/Src/main.c **** int _lseek(int file, int ptr, int dir) { (void)file; (void)ptr; (void)dir; return 0; }
 116              		.loc 1 34 22 is_stmt 1 view -0
 117              		.cfi_startproc
 118              		@ args = 0, pretend = 0, frame = 0
 119              		@ frame_needed = 0, uses_anonymous_args = 0
 120              		@ link register save eliminated.
  34:Core/Src/main.c **** int _lseek(int file, int ptr, int dir) { (void)file; (void)ptr; (void)dir; return 0; }
 121              		.loc 1 34 24 view .LVU21
  34:Core/Src/main.c **** int _lseek(int file, int ptr, int dir) { (void)file; (void)ptr; (void)dir; return 0; }
 122              		.loc 1 34 36 view .LVU22
  34:Core/Src/main.c **** int _lseek(int file, int ptr, int dir) { (void)file; (void)ptr; (void)dir; return 0; }
 123              		.loc 1 34 47 is_stmt 0 view .LVU23
 124 0000 4FF0FF30 		mov	r0, #-1
 125              	.LVL3:
  34:Core/Src/main.c **** int _lseek(int file, int ptr, int dir) { (void)file; (void)ptr; (void)dir; return 0; }
 126              		.loc 1 34 47 view .LVU24
 127 0004 7047     		bx	lr
 128              		.cfi_endproc
 129              	.LFE130:
 131              		.section	.text._lseek,"ax",%progbits
 132              		.align	1
 133              		.global	_lseek
 134              		.syntax unified
 135              		.thumb
 136              		.thumb_func
 138              	_lseek:
 139              	.LVL4:
 140              	.LFB131:
  35:Core/Src/main.c **** int _read(int file, char *ptr, int len) { (void)file; (void)ptr; (void)len; return 0; }
 141              		.loc 1 35 40 is_stmt 1 view -0
 142              		.cfi_startproc
 143              		@ args = 0, pretend = 0, frame = 0
 144              		@ frame_needed = 0, uses_anonymous_args = 0
 145              		@ link register save eliminated.
  35:Core/Src/main.c **** int _read(int file, char *ptr, int len) { (void)file; (void)ptr; (void)len; return 0; }
 146              		.loc 1 35 42 view .LVU26
  35:Core/Src/main.c **** int _read(int file, char *ptr, int len) { (void)file; (void)ptr; (void)len; return 0; }
 147              		.loc 1 35 54 view .LVU27
  35:Core/Src/main.c **** int _read(int file, char *ptr, int len) { (void)file; (void)ptr; (void)len; return 0; }
 148              		.loc 1 35 65 view .LVU28
  35:Core/Src/main.c **** int _read(int file, char *ptr, int len) { (void)file; (void)ptr; (void)len; return 0; }
 149              		.loc 1 35 76 view .LVU29
  35:Core/Src/main.c **** int _read(int file, char *ptr, int len) { (void)file; (void)ptr; (void)len; return 0; }
 150              		.loc 1 35 86 is_stmt 0 view .LVU30
 151 0000 0020     		movs	r0, #0
 152              	.LVL5:
  35:Core/Src/main.c **** int _read(int file, char *ptr, int len) { (void)file; (void)ptr; (void)len; return 0; }
ARM GAS  C:\Users\0geda\AppData\Local\Temp\ccgC8H8K.s 			page 7


 153              		.loc 1 35 86 view .LVU31
 154 0002 7047     		bx	lr
 155              		.cfi_endproc
 156              	.LFE131:
 158              		.section	.text._read,"ax",%progbits
 159              		.align	1
 160              		.global	_read
 161              		.syntax unified
 162              		.thumb
 163              		.thumb_func
 165              	_read:
 166              	.LVL6:
 167              	.LFB132:
  36:Core/Src/main.c **** int _write(int file, char *ptr, int len) { (void)file; (void)ptr; return len; }
 168              		.loc 1 36 41 is_stmt 1 view -0
 169              		.cfi_startproc
 170              		@ args = 0, pretend = 0, frame = 0
 171              		@ frame_needed = 0, uses_anonymous_args = 0
 172              		@ link register save eliminated.
  36:Core/Src/main.c **** int _write(int file, char *ptr, int len) { (void)file; (void)ptr; return len; }
 173              		.loc 1 36 43 view .LVU33
  36:Core/Src/main.c **** int _write(int file, char *ptr, int len) { (void)file; (void)ptr; return len; }
 174              		.loc 1 36 55 view .LVU34
  36:Core/Src/main.c **** int _write(int file, char *ptr, int len) { (void)file; (void)ptr; return len; }
 175              		.loc 1 36 66 view .LVU35
  36:Core/Src/main.c **** int _write(int file, char *ptr, int len) { (void)file; (void)ptr; return len; }
 176              		.loc 1 36 77 view .LVU36
  36:Core/Src/main.c **** int _write(int file, char *ptr, int len) { (void)file; (void)ptr; return len; }
 177              		.loc 1 36 87 is_stmt 0 view .LVU37
 178 0000 0020     		movs	r0, #0
 179              	.LVL7:
  36:Core/Src/main.c **** int _write(int file, char *ptr, int len) { (void)file; (void)ptr; return len; }
 180              		.loc 1 36 87 view .LVU38
 181 0002 7047     		bx	lr
 182              		.cfi_endproc
 183              	.LFE132:
 185              		.section	.text._write,"ax",%progbits
 186              		.align	1
 187              		.global	_write
 188              		.syntax unified
 189              		.thumb
 190              		.thumb_func
 192              	_write:
 193              	.LVL8:
 194              	.LFB133:
  37:Core/Src/main.c **** /* USER CODE END PD */
 195              		.loc 1 37 42 is_stmt 1 view -0
 196              		.cfi_startproc
 197              		@ args = 0, pretend = 0, frame = 0
 198              		@ frame_needed = 0, uses_anonymous_args = 0
 199              		@ link register save eliminated.
  37:Core/Src/main.c **** /* USER CODE END PD */
 200              		.loc 1 37 44 view .LVU40
  37:Core/Src/main.c **** /* USER CODE END PD */
 201              		.loc 1 37 56 view .LVU41
  37:Core/Src/main.c **** /* USER CODE END PD */
 202              		.loc 1 37 67 view .LVU42
ARM GAS  C:\Users\0geda\AppData\Local\Temp\ccgC8H8K.s 			page 8


  37:Core/Src/main.c **** /* USER CODE END PD */
 203              		.loc 1 37 79 is_stmt 0 view .LVU43
 204 0000 1046     		mov	r0, r2
 205              	.LVL9:
  37:Core/Src/main.c **** /* USER CODE END PD */
 206              		.loc 1 37 79 view .LVU44
 207 0002 7047     		bx	lr
 208              		.cfi_endproc
 209              	.LFE133:
 211              		.section	.text.Error_Handler,"ax",%progbits
 212              		.align	1
 213              		.global	Error_Handler
 214              		.syntax unified
 215              		.thumb
 216              		.thumb_func
 218              	Error_Handler:
 219              	.LFB137:
 184:Core/Src/main.c **** 
 185:Core/Src/main.c **** /* USER CODE BEGIN 4 */
 186:Core/Src/main.c **** 
 187:Core/Src/main.c **** /* USER CODE END 4 */
 188:Core/Src/main.c **** 
 189:Core/Src/main.c **** /**
 190:Core/Src/main.c ****   * @brief  This function is executed in case of error occurrence.
 191:Core/Src/main.c ****   * @retval None
 192:Core/Src/main.c ****   */
 193:Core/Src/main.c **** void Error_Handler(void)
 194:Core/Src/main.c **** {
 220              		.loc 1 194 1 is_stmt 1 view -0
 221              		.cfi_startproc
 222              		@ Volatile: function does not return.
 223              		@ args = 0, pretend = 0, frame = 0
 224              		@ frame_needed = 0, uses_anonymous_args = 0
 225              		@ link register save eliminated.
 195:Core/Src/main.c ****   /* USER CODE BEGIN Error_Handler_Debug */
 196:Core/Src/main.c ****   /* User can add his own implementation to report the HAL error return state */
 197:Core/Src/main.c ****   __disable_irq();
 226              		.loc 1 197 3 view .LVU46
 227              	.LBB5:
 228              	.LBI5:
 229              		.file 2 "Drivers/CMSIS/Include/cmsis_gcc.h"
   1:Drivers/CMSIS/Include/cmsis_gcc.h **** /**************************************************************************//**
   2:Drivers/CMSIS/Include/cmsis_gcc.h ****  * @file     cmsis_gcc.h
   3:Drivers/CMSIS/Include/cmsis_gcc.h ****  * @brief    CMSIS compiler GCC header file
   4:Drivers/CMSIS/Include/cmsis_gcc.h ****  * @version  V5.0.4
   5:Drivers/CMSIS/Include/cmsis_gcc.h ****  * @date     09. April 2018
   6:Drivers/CMSIS/Include/cmsis_gcc.h ****  ******************************************************************************/
   7:Drivers/CMSIS/Include/cmsis_gcc.h **** /*
   8:Drivers/CMSIS/Include/cmsis_gcc.h ****  * Copyright (c) 2009-2018 Arm Limited. All rights reserved.
   9:Drivers/CMSIS/Include/cmsis_gcc.h ****  *
  10:Drivers/CMSIS/Include/cmsis_gcc.h ****  * SPDX-License-Identifier: Apache-2.0
  11:Drivers/CMSIS/Include/cmsis_gcc.h ****  *
  12:Drivers/CMSIS/Include/cmsis_gcc.h ****  * Licensed under the Apache License, Version 2.0 (the License); you may
  13:Drivers/CMSIS/Include/cmsis_gcc.h ****  * not use this file except in compliance with the License.
  14:Drivers/CMSIS/Include/cmsis_gcc.h ****  * You may obtain a copy of the License at
  15:Drivers/CMSIS/Include/cmsis_gcc.h ****  *
  16:Drivers/CMSIS/Include/cmsis_gcc.h ****  * www.apache.org/licenses/LICENSE-2.0
ARM GAS  C:\Users\0geda\AppData\Local\Temp\ccgC8H8K.s 			page 9


  17:Drivers/CMSIS/Include/cmsis_gcc.h ****  *
  18:Drivers/CMSIS/Include/cmsis_gcc.h ****  * Unless required by applicable law or agreed to in writing, software
  19:Drivers/CMSIS/Include/cmsis_gcc.h ****  * distributed under the License is distributed on an AS IS BASIS, WITHOUT
  20:Drivers/CMSIS/Include/cmsis_gcc.h ****  * WARRANTIES OR CONDITIONS OF ANY KIND, either express or implied.
  21:Drivers/CMSIS/Include/cmsis_gcc.h ****  * See the License for the specific language governing permissions and
  22:Drivers/CMSIS/Include/cmsis_gcc.h ****  * limitations under the License.
  23:Drivers/CMSIS/Include/cmsis_gcc.h ****  */
  24:Drivers/CMSIS/Include/cmsis_gcc.h **** 
  25:Drivers/CMSIS/Include/cmsis_gcc.h **** #ifndef __CMSIS_GCC_H
  26:Drivers/CMSIS/Include/cmsis_gcc.h **** #define __CMSIS_GCC_H
  27:Drivers/CMSIS/Include/cmsis_gcc.h **** 
  28:Drivers/CMSIS/Include/cmsis_gcc.h **** /* ignore some GCC warnings */
  29:Drivers/CMSIS/Include/cmsis_gcc.h **** #pragma GCC diagnostic push
  30:Drivers/CMSIS/Include/cmsis_gcc.h **** #pragma GCC diagnostic ignored "-Wsign-conversion"
  31:Drivers/CMSIS/Include/cmsis_gcc.h **** #pragma GCC diagnostic ignored "-Wconversion"
  32:Drivers/CMSIS/Include/cmsis_gcc.h **** #pragma GCC diagnostic ignored "-Wunused-parameter"
  33:Drivers/CMSIS/Include/cmsis_gcc.h **** 
  34:Drivers/CMSIS/Include/cmsis_gcc.h **** /* Fallback for __has_builtin */
  35:Drivers/CMSIS/Include/cmsis_gcc.h **** #ifndef __has_builtin
  36:Drivers/CMSIS/Include/cmsis_gcc.h ****   #define __has_builtin(x) (0)
  37:Drivers/CMSIS/Include/cmsis_gcc.h **** #endif
  38:Drivers/CMSIS/Include/cmsis_gcc.h **** 
  39:Drivers/CMSIS/Include/cmsis_gcc.h **** /* CMSIS compiler specific defines */
  40:Drivers/CMSIS/Include/cmsis_gcc.h **** #ifndef   __ASM
  41:Drivers/CMSIS/Include/cmsis_gcc.h ****   #define __ASM                                  __asm
  42:Drivers/CMSIS/Include/cmsis_gcc.h **** #endif
  43:Drivers/CMSIS/Include/cmsis_gcc.h **** #ifndef   __INLINE
  44:Drivers/CMSIS/Include/cmsis_gcc.h ****   #define __INLINE                               inline
  45:Drivers/CMSIS/Include/cmsis_gcc.h **** #endif
  46:Drivers/CMSIS/Include/cmsis_gcc.h **** #ifndef   __STATIC_INLINE
  47:Drivers/CMSIS/Include/cmsis_gcc.h ****   #define __STATIC_INLINE                        static inline
  48:Drivers/CMSIS/Include/cmsis_gcc.h **** #endif
  49:Drivers/CMSIS/Include/cmsis_gcc.h **** #ifndef   __STATIC_FORCEINLINE                 
  50:Drivers/CMSIS/Include/cmsis_gcc.h ****   #define __STATIC_FORCEINLINE                   __attribute__((always_inline)) static inline
  51:Drivers/CMSIS/Include/cmsis_gcc.h **** #endif                                           
  52:Drivers/CMSIS/Include/cmsis_gcc.h **** #ifndef   __NO_RETURN
  53:Drivers/CMSIS/Include/cmsis_gcc.h ****   #define __NO_RETURN                            __attribute__((__noreturn__))
  54:Drivers/CMSIS/Include/cmsis_gcc.h **** #endif
  55:Drivers/CMSIS/Include/cmsis_gcc.h **** #ifndef   __USED
  56:Drivers/CMSIS/Include/cmsis_gcc.h ****   #define __USED                                 __attribute__((used))
  57:Drivers/CMSIS/Include/cmsis_gcc.h **** #endif
  58:Drivers/CMSIS/Include/cmsis_gcc.h **** #ifndef   __WEAK
  59:Drivers/CMSIS/Include/cmsis_gcc.h ****   #define __WEAK                                 __attribute__((weak))
  60:Drivers/CMSIS/Include/cmsis_gcc.h **** #endif
  61:Drivers/CMSIS/Include/cmsis_gcc.h **** #ifndef   __PACKED
  62:Drivers/CMSIS/Include/cmsis_gcc.h ****   #define __PACKED                               __attribute__((packed, aligned(1)))
  63:Drivers/CMSIS/Include/cmsis_gcc.h **** #endif
  64:Drivers/CMSIS/Include/cmsis_gcc.h **** #ifndef   __PACKED_STRUCT
  65:Drivers/CMSIS/Include/cmsis_gcc.h ****   #define __PACKED_STRUCT                        struct __attribute__((packed, aligned(1)))
  66:Drivers/CMSIS/Include/cmsis_gcc.h **** #endif
  67:Drivers/CMSIS/Include/cmsis_gcc.h **** #ifndef   __PACKED_UNION
  68:Drivers/CMSIS/Include/cmsis_gcc.h ****   #define __PACKED_UNION                         union __attribute__((packed, aligned(1)))
  69:Drivers/CMSIS/Include/cmsis_gcc.h **** #endif
  70:Drivers/CMSIS/Include/cmsis_gcc.h **** #ifndef   __UNALIGNED_UINT32        /* deprecated */
  71:Drivers/CMSIS/Include/cmsis_gcc.h ****   #pragma GCC diagnostic push
  72:Drivers/CMSIS/Include/cmsis_gcc.h ****   #pragma GCC diagnostic ignored "-Wpacked"
  73:Drivers/CMSIS/Include/cmsis_gcc.h ****   #pragma GCC diagnostic ignored "-Wattributes"
ARM GAS  C:\Users\0geda\AppData\Local\Temp\ccgC8H8K.s 			page 10


  74:Drivers/CMSIS/Include/cmsis_gcc.h ****   struct __attribute__((packed)) T_UINT32 { uint32_t v; };
  75:Drivers/CMSIS/Include/cmsis_gcc.h ****   #pragma GCC diagnostic pop
  76:Drivers/CMSIS/Include/cmsis_gcc.h ****   #define __UNALIGNED_UINT32(x)                  (((struct T_UINT32 *)(x))->v)
  77:Drivers/CMSIS/Include/cmsis_gcc.h **** #endif
  78:Drivers/CMSIS/Include/cmsis_gcc.h **** #ifndef   __UNALIGNED_UINT16_WRITE
  79:Drivers/CMSIS/Include/cmsis_gcc.h ****   #pragma GCC diagnostic push
  80:Drivers/CMSIS/Include/cmsis_gcc.h ****   #pragma GCC diagnostic ignored "-Wpacked"
  81:Drivers/CMSIS/Include/cmsis_gcc.h ****   #pragma GCC diagnostic ignored "-Wattributes"
  82:Drivers/CMSIS/Include/cmsis_gcc.h ****   __PACKED_STRUCT T_UINT16_WRITE { uint16_t v; };
  83:Drivers/CMSIS/Include/cmsis_gcc.h ****   #pragma GCC diagnostic pop
  84:Drivers/CMSIS/Include/cmsis_gcc.h ****   #define __UNALIGNED_UINT16_WRITE(addr, val)    (void)((((struct T_UINT16_WRITE *)(void *)(addr))-
  85:Drivers/CMSIS/Include/cmsis_gcc.h **** #endif
  86:Drivers/CMSIS/Include/cmsis_gcc.h **** #ifndef   __UNALIGNED_UINT16_READ
  87:Drivers/CMSIS/Include/cmsis_gcc.h ****   #pragma GCC diagnostic push
  88:Drivers/CMSIS/Include/cmsis_gcc.h ****   #pragma GCC diagnostic ignored "-Wpacked"
  89:Drivers/CMSIS/Include/cmsis_gcc.h ****   #pragma GCC diagnostic ignored "-Wattributes"
  90:Drivers/CMSIS/Include/cmsis_gcc.h ****   __PACKED_STRUCT T_UINT16_READ { uint16_t v; };
  91:Drivers/CMSIS/Include/cmsis_gcc.h ****   #pragma GCC diagnostic pop
  92:Drivers/CMSIS/Include/cmsis_gcc.h ****   #define __UNALIGNED_UINT16_READ(addr)          (((const struct T_UINT16_READ *)(const void *)(add
  93:Drivers/CMSIS/Include/cmsis_gcc.h **** #endif
  94:Drivers/CMSIS/Include/cmsis_gcc.h **** #ifndef   __UNALIGNED_UINT32_WRITE
  95:Drivers/CMSIS/Include/cmsis_gcc.h ****   #pragma GCC diagnostic push
  96:Drivers/CMSIS/Include/cmsis_gcc.h ****   #pragma GCC diagnostic ignored "-Wpacked"
  97:Drivers/CMSIS/Include/cmsis_gcc.h ****   #pragma GCC diagnostic ignored "-Wattributes"
  98:Drivers/CMSIS/Include/cmsis_gcc.h ****   __PACKED_STRUCT T_UINT32_WRITE { uint32_t v; };
  99:Drivers/CMSIS/Include/cmsis_gcc.h ****   #pragma GCC diagnostic pop
 100:Drivers/CMSIS/Include/cmsis_gcc.h ****   #define __UNALIGNED_UINT32_WRITE(addr, val)    (void)((((struct T_UINT32_WRITE *)(void *)(addr))-
 101:Drivers/CMSIS/Include/cmsis_gcc.h **** #endif
 102:Drivers/CMSIS/Include/cmsis_gcc.h **** #ifndef   __UNALIGNED_UINT32_READ
 103:Drivers/CMSIS/Include/cmsis_gcc.h ****   #pragma GCC diagnostic push
 104:Drivers/CMSIS/Include/cmsis_gcc.h ****   #pragma GCC diagnostic ignored "-Wpacked"
 105:Drivers/CMSIS/Include/cmsis_gcc.h ****   #pragma GCC diagnostic ignored "-Wattributes"
 106:Drivers/CMSIS/Include/cmsis_gcc.h ****   __PACKED_STRUCT T_UINT32_READ { uint32_t v; };
 107:Drivers/CMSIS/Include/cmsis_gcc.h ****   #pragma GCC diagnostic pop
 108:Drivers/CMSIS/Include/cmsis_gcc.h ****   #define __UNALIGNED_UINT32_READ(addr)          (((const struct T_UINT32_READ *)(const void *)(add
 109:Drivers/CMSIS/Include/cmsis_gcc.h **** #endif
 110:Drivers/CMSIS/Include/cmsis_gcc.h **** #ifndef   __ALIGNED
 111:Drivers/CMSIS/Include/cmsis_gcc.h ****   #define __ALIGNED(x)                           __attribute__((aligned(x)))
 112:Drivers/CMSIS/Include/cmsis_gcc.h **** #endif
 113:Drivers/CMSIS/Include/cmsis_gcc.h **** #ifndef   __RESTRICT
 114:Drivers/CMSIS/Include/cmsis_gcc.h ****   #define __RESTRICT                             __restrict
 115:Drivers/CMSIS/Include/cmsis_gcc.h **** #endif
 116:Drivers/CMSIS/Include/cmsis_gcc.h **** 
 117:Drivers/CMSIS/Include/cmsis_gcc.h **** 
 118:Drivers/CMSIS/Include/cmsis_gcc.h **** /* ###########################  Core Function Access  ########################### */
 119:Drivers/CMSIS/Include/cmsis_gcc.h **** /** \ingroup  CMSIS_Core_FunctionInterface
 120:Drivers/CMSIS/Include/cmsis_gcc.h ****     \defgroup CMSIS_Core_RegAccFunctions CMSIS Core Register Access Functions
 121:Drivers/CMSIS/Include/cmsis_gcc.h ****   @{
 122:Drivers/CMSIS/Include/cmsis_gcc.h ****  */
 123:Drivers/CMSIS/Include/cmsis_gcc.h **** 
 124:Drivers/CMSIS/Include/cmsis_gcc.h **** /**
 125:Drivers/CMSIS/Include/cmsis_gcc.h ****   \brief   Enable IRQ Interrupts
 126:Drivers/CMSIS/Include/cmsis_gcc.h ****   \details Enables IRQ interrupts by clearing the I-bit in the CPSR.
 127:Drivers/CMSIS/Include/cmsis_gcc.h ****            Can only be executed in Privileged modes.
 128:Drivers/CMSIS/Include/cmsis_gcc.h ****  */
 129:Drivers/CMSIS/Include/cmsis_gcc.h **** __STATIC_FORCEINLINE void __enable_irq(void)
 130:Drivers/CMSIS/Include/cmsis_gcc.h **** {
ARM GAS  C:\Users\0geda\AppData\Local\Temp\ccgC8H8K.s 			page 11


 131:Drivers/CMSIS/Include/cmsis_gcc.h ****   __ASM volatile ("cpsie i" : : : "memory");
 132:Drivers/CMSIS/Include/cmsis_gcc.h **** }
 133:Drivers/CMSIS/Include/cmsis_gcc.h **** 
 134:Drivers/CMSIS/Include/cmsis_gcc.h **** 
 135:Drivers/CMSIS/Include/cmsis_gcc.h **** /**
 136:Drivers/CMSIS/Include/cmsis_gcc.h ****   \brief   Disable IRQ Interrupts
 137:Drivers/CMSIS/Include/cmsis_gcc.h ****   \details Disables IRQ interrupts by setting the I-bit in the CPSR.
 138:Drivers/CMSIS/Include/cmsis_gcc.h ****            Can only be executed in Privileged modes.
 139:Drivers/CMSIS/Include/cmsis_gcc.h ****  */
 140:Drivers/CMSIS/Include/cmsis_gcc.h **** __STATIC_FORCEINLINE void __disable_irq(void)
 230              		.loc 2 140 27 view .LVU47
 231              	.LBB6:
 141:Drivers/CMSIS/Include/cmsis_gcc.h **** {
 142:Drivers/CMSIS/Include/cmsis_gcc.h ****   __ASM volatile ("cpsid i" : : : "memory");
 232              		.loc 2 142 3 view .LVU48
 233              		.syntax unified
 234              	@ 142 "Drivers/CMSIS/Include/cmsis_gcc.h" 1
 235 0000 72B6     		cpsid i
 236              	@ 0 "" 2
 237              		.thumb
 238              		.syntax unified
 239              	.L10:
 240              	.LBE6:
 241              	.LBE5:
 198:Core/Src/main.c ****   while (1)
 242              		.loc 1 198 3 view .LVU49
 199:Core/Src/main.c ****   {
 200:Core/Src/main.c ****   }
 243              		.loc 1 200 3 view .LVU50
 198:Core/Src/main.c ****   while (1)
 244              		.loc 1 198 9 view .LVU51
 245 0002 FEE7     		b	.L10
 246              		.cfi_endproc
 247              	.LFE137:
 249              		.section	.text.SystemClock_Config,"ax",%progbits
 250              		.align	1
 251              		.global	SystemClock_Config
 252              		.syntax unified
 253              		.thumb
 254              		.thumb_func
 256              	SystemClock_Config:
 257              	.LFB135:
 118:Core/Src/main.c ****   RCC_OscInitTypeDef RCC_OscInitStruct = {0};
 258              		.loc 1 118 1 view -0
 259              		.cfi_startproc
 260              		@ args = 0, pretend = 0, frame = 80
 261              		@ frame_needed = 0, uses_anonymous_args = 0
 262 0000 00B5     		push	{lr}
 263              	.LCFI3:
 264              		.cfi_def_cfa_offset 4
 265              		.cfi_offset 14, -4
 266 0002 95B0     		sub	sp, sp, #84
 267              	.LCFI4:
 268              		.cfi_def_cfa_offset 88
 119:Core/Src/main.c ****   RCC_ClkInitTypeDef RCC_ClkInitStruct = {0};
 269              		.loc 1 119 3 view .LVU53
 119:Core/Src/main.c ****   RCC_ClkInitTypeDef RCC_ClkInitStruct = {0};
ARM GAS  C:\Users\0geda\AppData\Local\Temp\ccgC8H8K.s 			page 12


 270              		.loc 1 119 22 is_stmt 0 view .LVU54
 271 0004 3422     		movs	r2, #52
 272 0006 0021     		movs	r1, #0
 273 0008 07A8     		add	r0, sp, #28
 274 000a FFF7FEFF 		bl	memset
 275              	.LVL10:
 120:Core/Src/main.c **** 
 276              		.loc 1 120 3 is_stmt 1 view .LVU55
 120:Core/Src/main.c **** 
 277              		.loc 1 120 22 is_stmt 0 view .LVU56
 278 000e 0023     		movs	r3, #0
 279 0010 0293     		str	r3, [sp, #8]
 280 0012 0393     		str	r3, [sp, #12]
 281 0014 0493     		str	r3, [sp, #16]
 282 0016 0593     		str	r3, [sp, #20]
 283 0018 0693     		str	r3, [sp, #24]
 124:Core/Src/main.c ****   __HAL_PWR_VOLTAGESCALING_CONFIG(PWR_REGULATOR_VOLTAGE_SCALE3);
 284              		.loc 1 124 3 is_stmt 1 view .LVU57
 285              	.LBB7:
 124:Core/Src/main.c ****   __HAL_PWR_VOLTAGESCALING_CONFIG(PWR_REGULATOR_VOLTAGE_SCALE3);
 286              		.loc 1 124 3 view .LVU58
 287 001a 0093     		str	r3, [sp]
 124:Core/Src/main.c ****   __HAL_PWR_VOLTAGESCALING_CONFIG(PWR_REGULATOR_VOLTAGE_SCALE3);
 288              		.loc 1 124 3 view .LVU59
 289 001c 194A     		ldr	r2, .L17
 290 001e 116C     		ldr	r1, [r2, #64]
 291 0020 41F08051 		orr	r1, r1, #268435456
 292 0024 1164     		str	r1, [r2, #64]
 124:Core/Src/main.c ****   __HAL_PWR_VOLTAGESCALING_CONFIG(PWR_REGULATOR_VOLTAGE_SCALE3);
 293              		.loc 1 124 3 view .LVU60
 294 0026 126C     		ldr	r2, [r2, #64]
 295 0028 02F08052 		and	r2, r2, #268435456
 296 002c 0092     		str	r2, [sp]
 124:Core/Src/main.c ****   __HAL_PWR_VOLTAGESCALING_CONFIG(PWR_REGULATOR_VOLTAGE_SCALE3);
 297              		.loc 1 124 3 view .LVU61
 298 002e 009A     		ldr	r2, [sp]
 299              	.LBE7:
 124:Core/Src/main.c ****   __HAL_PWR_VOLTAGESCALING_CONFIG(PWR_REGULATOR_VOLTAGE_SCALE3);
 300              		.loc 1 124 3 view .LVU62
 125:Core/Src/main.c **** 
 301              		.loc 1 125 3 view .LVU63
 302              	.LBB8:
 125:Core/Src/main.c **** 
 303              		.loc 1 125 3 view .LVU64
 304 0030 0193     		str	r3, [sp, #4]
 125:Core/Src/main.c **** 
 305              		.loc 1 125 3 view .LVU65
 306 0032 1549     		ldr	r1, .L17+4
 307 0034 0A68     		ldr	r2, [r1]
 308 0036 22F44042 		bic	r2, r2, #49152
 309 003a 42F48042 		orr	r2, r2, #16384
 310 003e 0A60     		str	r2, [r1]
 125:Core/Src/main.c **** 
 311              		.loc 1 125 3 view .LVU66
 312 0040 0A68     		ldr	r2, [r1]
 313 0042 02F44042 		and	r2, r2, #49152
 314 0046 0192     		str	r2, [sp, #4]
ARM GAS  C:\Users\0geda\AppData\Local\Temp\ccgC8H8K.s 			page 13


 125:Core/Src/main.c **** 
 315              		.loc 1 125 3 view .LVU67
 316 0048 019A     		ldr	r2, [sp, #4]
 317              	.LBE8:
 125:Core/Src/main.c **** 
 318              		.loc 1 125 3 view .LVU68
 130:Core/Src/main.c ****   RCC_OscInitStruct.HSIState = RCC_HSI_ON;
 319              		.loc 1 130 3 view .LVU69
 130:Core/Src/main.c ****   RCC_OscInitStruct.HSIState = RCC_HSI_ON;
 320              		.loc 1 130 36 is_stmt 0 view .LVU70
 321 004a 0222     		movs	r2, #2
 322 004c 0792     		str	r2, [sp, #28]
 131:Core/Src/main.c ****   RCC_OscInitStruct.HSICalibrationValue = RCC_HSICALIBRATION_DEFAULT;
 323              		.loc 1 131 3 is_stmt 1 view .LVU71
 131:Core/Src/main.c ****   RCC_OscInitStruct.HSICalibrationValue = RCC_HSICALIBRATION_DEFAULT;
 324              		.loc 1 131 30 is_stmt 0 view .LVU72
 325 004e 0122     		movs	r2, #1
 326 0050 0A92     		str	r2, [sp, #40]
 132:Core/Src/main.c ****   RCC_OscInitStruct.PLL.PLLState = RCC_PLL_NONE;
 327              		.loc 1 132 3 is_stmt 1 view .LVU73
 132:Core/Src/main.c ****   RCC_OscInitStruct.PLL.PLLState = RCC_PLL_NONE;
 328              		.loc 1 132 41 is_stmt 0 view .LVU74
 329 0052 1022     		movs	r2, #16
 330 0054 0B92     		str	r2, [sp, #44]
 133:Core/Src/main.c ****   if (HAL_RCC_OscConfig(&RCC_OscInitStruct) != HAL_OK)
 331              		.loc 1 133 3 is_stmt 1 view .LVU75
 133:Core/Src/main.c ****   if (HAL_RCC_OscConfig(&RCC_OscInitStruct) != HAL_OK)
 332              		.loc 1 133 34 is_stmt 0 view .LVU76
 333 0056 0D93     		str	r3, [sp, #52]
 134:Core/Src/main.c ****   {
 334              		.loc 1 134 3 is_stmt 1 view .LVU77
 134:Core/Src/main.c ****   {
 335              		.loc 1 134 7 is_stmt 0 view .LVU78
 336 0058 07A8     		add	r0, sp, #28
 337 005a FFF7FEFF 		bl	HAL_RCC_OscConfig
 338              	.LVL11:
 134:Core/Src/main.c ****   {
 339              		.loc 1 134 6 discriminator 1 view .LVU79
 340 005e 68B9     		cbnz	r0, .L15
 141:Core/Src/main.c ****                               |RCC_CLOCKTYPE_PCLK1|RCC_CLOCKTYPE_PCLK2;
 341              		.loc 1 141 3 is_stmt 1 view .LVU80
 141:Core/Src/main.c ****                               |RCC_CLOCKTYPE_PCLK1|RCC_CLOCKTYPE_PCLK2;
 342              		.loc 1 141 31 is_stmt 0 view .LVU81
 343 0060 0F23     		movs	r3, #15
 344 0062 0293     		str	r3, [sp, #8]
 143:Core/Src/main.c ****   RCC_ClkInitStruct.AHBCLKDivider = RCC_SYSCLK_DIV1;
 345              		.loc 1 143 3 is_stmt 1 view .LVU82
 143:Core/Src/main.c ****   RCC_ClkInitStruct.AHBCLKDivider = RCC_SYSCLK_DIV1;
 346              		.loc 1 143 34 is_stmt 0 view .LVU83
 347 0064 0021     		movs	r1, #0
 348 0066 0391     		str	r1, [sp, #12]
 144:Core/Src/main.c ****   RCC_ClkInitStruct.APB1CLKDivider = RCC_HCLK_DIV1;
 349              		.loc 1 144 3 is_stmt 1 view .LVU84
 144:Core/Src/main.c ****   RCC_ClkInitStruct.APB1CLKDivider = RCC_HCLK_DIV1;
 350              		.loc 1 144 35 is_stmt 0 view .LVU85
 351 0068 0491     		str	r1, [sp, #16]
 145:Core/Src/main.c ****   RCC_ClkInitStruct.APB2CLKDivider = RCC_HCLK_DIV1;
ARM GAS  C:\Users\0geda\AppData\Local\Temp\ccgC8H8K.s 			page 14


 352              		.loc 1 145 3 is_stmt 1 view .LVU86
 145:Core/Src/main.c ****   RCC_ClkInitStruct.APB2CLKDivider = RCC_HCLK_DIV1;
 353              		.loc 1 145 36 is_stmt 0 view .LVU87
 354 006a 0591     		str	r1, [sp, #20]
 146:Core/Src/main.c **** 
 355              		.loc 1 146 3 is_stmt 1 view .LVU88
 146:Core/Src/main.c **** 
 356              		.loc 1 146 36 is_stmt 0 view .LVU89
 357 006c 0691     		str	r1, [sp, #24]
 148:Core/Src/main.c ****   {
 358              		.loc 1 148 3 is_stmt 1 view .LVU90
 148:Core/Src/main.c ****   {
 359              		.loc 1 148 7 is_stmt 0 view .LVU91
 360 006e 02A8     		add	r0, sp, #8
 361 0070 FFF7FEFF 		bl	HAL_RCC_ClockConfig
 362              	.LVL12:
 148:Core/Src/main.c ****   {
 363              		.loc 1 148 6 discriminator 1 view .LVU92
 364 0074 20B9     		cbnz	r0, .L16
 152:Core/Src/main.c **** 
 365              		.loc 1 152 1 view .LVU93
 366 0076 15B0     		add	sp, sp, #84
 367              	.LCFI5:
 368              		.cfi_remember_state
 369              		.cfi_def_cfa_offset 4
 370              		@ sp needed
 371 0078 5DF804FB 		ldr	pc, [sp], #4
 372              	.L15:
 373              	.LCFI6:
 374              		.cfi_restore_state
 136:Core/Src/main.c ****   }
 375              		.loc 1 136 5 is_stmt 1 view .LVU94
 376 007c FFF7FEFF 		bl	Error_Handler
 377              	.LVL13:
 378              	.L16:
 150:Core/Src/main.c ****   }
 379              		.loc 1 150 5 view .LVU95
 380 0080 FFF7FEFF 		bl	Error_Handler
 381              	.LVL14:
 382              	.L18:
 383              		.align	2
 384              	.L17:
 385 0084 00380240 		.word	1073887232
 386 0088 00700040 		.word	1073770496
 387              		.cfi_endproc
 388              	.LFE135:
 390              		.section	.text.main,"ax",%progbits
 391              		.align	1
 392              		.global	main
 393              		.syntax unified
 394              		.thumb
 395              		.thumb_func
 397              	main:
 398              	.LFB134:
  68:Core/Src/main.c ****   /* USER CODE BEGIN 1 */
 399              		.loc 1 68 1 view -0
 400              		.cfi_startproc
ARM GAS  C:\Users\0geda\AppData\Local\Temp\ccgC8H8K.s 			page 15


 401              		@ Volatile: function does not return.
 402              		@ args = 0, pretend = 0, frame = 0
 403              		@ frame_needed = 0, uses_anonymous_args = 0
 404 0000 08B5     		push	{r3, lr}
 405              	.LCFI7:
 406              		.cfi_def_cfa_offset 8
 407              		.cfi_offset 3, -8
 408              		.cfi_offset 14, -4
  76:Core/Src/main.c **** 
 409              		.loc 1 76 3 view .LVU97
 410 0002 FFF7FEFF 		bl	HAL_Init
 411              	.LVL15:
  83:Core/Src/main.c **** 
 412              		.loc 1 83 3 view .LVU98
 413 0006 FFF7FEFF 		bl	SystemClock_Config
 414              	.LVL16:
  90:Core/Src/main.c ****   /* USER CODE BEGIN 2 */
 415              		.loc 1 90 3 view .LVU99
 416 000a FFF7FEFF 		bl	MX_GPIO_Init
 417              	.LVL17:
 418              	.L20:
  97:Core/Src/main.c ****   {
 419              		.loc 1 97 3 view .LVU100
 105:Core/Src/main.c **** 	                            |GPIO_PIN_4|GPIO_PIN_5|GPIO_PIN_6|GPIO_PIN_7);
 420              		.loc 1 105 7 view .LVU101
 421 000e FF21     		movs	r1, #255
 422 0010 0348     		ldr	r0, .L22
 423 0012 FFF7FEFF 		bl	HAL_GPIO_TogglePin
 424              	.LVL18:
 108:Core/Src/main.c ****   }
 425              		.loc 1 108 7 discriminator 1 view .LVU102
 426 0016 4FF47A70 		mov	r0, #1000
 427 001a FFF7FEFF 		bl	HAL_Delay
 428              	.LVL19:
  97:Core/Src/main.c ****   {
 429              		.loc 1 97 9 view .LVU103
 430 001e F6E7     		b	.L20
 431              	.L23:
 432              		.align	2
 433              	.L22:
 434 0020 00040240 		.word	1073873920
 435              		.cfi_endproc
 436              	.LFE134:
 438              		.text
 439              	.Letext0:
 440              		.file 3 "C:\\ST\\STM32CubeIDE_1.19.0\\STM32CubeIDE\\plugins\\com.st.stm32cube.ide.mcu.externaltool
 441              		.file 4 "C:\\ST\\STM32CubeIDE_1.19.0\\STM32CubeIDE\\plugins\\com.st.stm32cube.ide.mcu.externaltool
 442              		.file 5 "Drivers/CMSIS/Device/ST/STM32F4xx/Include/stm32f446xx.h"
 443              		.file 6 "Drivers/STM32F4xx_HAL_Driver/Inc/stm32f4xx_hal_def.h"
 444              		.file 7 "Drivers/STM32F4xx_HAL_Driver/Inc/stm32f4xx_hal_rcc_ex.h"
 445              		.file 8 "Drivers/STM32F4xx_HAL_Driver/Inc/stm32f4xx_hal_rcc.h"
 446              		.file 9 "Drivers/STM32F4xx_HAL_Driver/Inc/stm32f4xx_hal_gpio.h"
 447              		.file 10 "Drivers/STM32F4xx_HAL_Driver/Inc/stm32f4xx_hal.h"
 448              		.file 11 "<built-in>"
ARM GAS  C:\Users\0geda\AppData\Local\Temp\ccgC8H8K.s 			page 16


DEFINED SYMBOLS
                            *ABS*:00000000 main.c
C:\Users\0geda\AppData\Local\Temp\ccgC8H8K.s:21     .text.MX_GPIO_Init:00000000 $t
C:\Users\0geda\AppData\Local\Temp\ccgC8H8K.s:26     .text.MX_GPIO_Init:00000000 MX_GPIO_Init
C:\Users\0geda\AppData\Local\Temp\ccgC8H8K.s:101    .text.MX_GPIO_Init:0000004c $d
C:\Users\0geda\AppData\Local\Temp\ccgC8H8K.s:107    .text._close:00000000 $t
C:\Users\0geda\AppData\Local\Temp\ccgC8H8K.s:113    .text._close:00000000 _close
C:\Users\0geda\AppData\Local\Temp\ccgC8H8K.s:132    .text._lseek:00000000 $t
C:\Users\0geda\AppData\Local\Temp\ccgC8H8K.s:138    .text._lseek:00000000 _lseek
C:\Users\0geda\AppData\Local\Temp\ccgC8H8K.s:159    .text._read:00000000 $t
C:\Users\0geda\AppData\Local\Temp\ccgC8H8K.s:165    .text._read:00000000 _read
C:\Users\0geda\AppData\Local\Temp\ccgC8H8K.s:186    .text._write:00000000 $t
C:\Users\0geda\AppData\Local\Temp\ccgC8H8K.s:192    .text._write:00000000 _write
C:\Users\0geda\AppData\Local\Temp\ccgC8H8K.s:212    .text.Error_Handler:00000000 $t
C:\Users\0geda\AppData\Local\Temp\ccgC8H8K.s:218    .text.Error_Handler:00000000 Error_Handler
C:\Users\0geda\AppData\Local\Temp\ccgC8H8K.s:250    .text.SystemClock_Config:00000000 $t
C:\Users\0geda\AppData\Local\Temp\ccgC8H8K.s:256    .text.SystemClock_Config:00000000 SystemClock_Config
C:\Users\0geda\AppData\Local\Temp\ccgC8H8K.s:385    .text.SystemClock_Config:00000084 $d
C:\Users\0geda\AppData\Local\Temp\ccgC8H8K.s:391    .text.main:00000000 $t
C:\Users\0geda\AppData\Local\Temp\ccgC8H8K.s:397    .text.main:00000000 main
C:\Users\0geda\AppData\Local\Temp\ccgC8H8K.s:434    .text.main:00000020 $d

UNDEFINED SYMBOLS
HAL_GPIO_WritePin
HAL_GPIO_Init
memset
HAL_RCC_OscConfig
HAL_RCC_ClockConfig
HAL_Init
HAL_GPIO_TogglePin
HAL_Delay
