ARM GAS  C:\Users\0geda\AppData\Local\Temp\ccuFYyHx.s 			page 1


   1              		.cpu cortex-m4
   2              		.arch armv7e-m
   3              		.fpu softvfp
   4              		.eabi_attribute 20, 1
   5              		.eabi_attribute 21, 1
   6              		.eabi_attribute 23, 3
   7              		.eabi_attribute 24, 1
   8              		.eabi_attribute 25, 1
   9              		.eabi_attribute 26, 1
  10              		.eabi_attribute 30, 4
  11              		.eabi_attribute 34, 1
  12              		.eabi_attribute 18, 4
  13              		.file	"syscalls.c"
  14              		.text
  15              	.Ltext0:
  16              		.cfi_sections	.debug_frame
  17              		.file 1 "Core/Src/syscalls.c"
  18              		.section	.text.initialise_monitor_handles,"ax",%progbits
  19              		.align	1
  20              		.global	initialise_monitor_handles
  21              		.syntax unified
  22              		.thumb
  23              		.thumb_func
  25              	initialise_monitor_handles:
  26              	.LFB25:
   1:Core/Src/syscalls.c **** /**
   2:Core/Src/syscalls.c ****  ******************************************************************************
   3:Core/Src/syscalls.c ****  * @file      syscalls.c
   4:Core/Src/syscalls.c ****  * @author    Auto-generated by STM32CubeMX
   5:Core/Src/syscalls.c ****  * @brief     Minimal System calls file
   6:Core/Src/syscalls.c ****  *
   7:Core/Src/syscalls.c ****  *            For more information about which c-functions
   8:Core/Src/syscalls.c ****  *            need which of these lowlevel functions
   9:Core/Src/syscalls.c ****  *            please consult the Newlib or Picolibc libc-manual
  10:Core/Src/syscalls.c ****  ******************************************************************************
  11:Core/Src/syscalls.c ****  * @attention
  12:Core/Src/syscalls.c ****  *
  13:Core/Src/syscalls.c ****  * Copyright (c) 2020-2025 STMicroelectronics.
  14:Core/Src/syscalls.c ****  * All rights reserved.
  15:Core/Src/syscalls.c ****  *
  16:Core/Src/syscalls.c ****  * This software is licensed under terms that can be found in the LICENSE file
  17:Core/Src/syscalls.c ****  * in the root directory of this software component.
  18:Core/Src/syscalls.c ****  * If no LICENSE file comes with this software, it is provided AS-IS.
  19:Core/Src/syscalls.c ****  *
  20:Core/Src/syscalls.c ****  ******************************************************************************
  21:Core/Src/syscalls.c ****  */
  22:Core/Src/syscalls.c **** 
  23:Core/Src/syscalls.c **** /* Includes */
  24:Core/Src/syscalls.c **** #include <sys/stat.h>
  25:Core/Src/syscalls.c **** #include <stdlib.h>
  26:Core/Src/syscalls.c **** #include <errno.h>
  27:Core/Src/syscalls.c **** #include <stdio.h>
  28:Core/Src/syscalls.c **** #include <signal.h>
  29:Core/Src/syscalls.c **** #include <time.h>
  30:Core/Src/syscalls.c **** #include <sys/time.h>
  31:Core/Src/syscalls.c **** #include <sys/times.h>
  32:Core/Src/syscalls.c **** 
ARM GAS  C:\Users\0geda\AppData\Local\Temp\ccuFYyHx.s 			page 2


  33:Core/Src/syscalls.c **** 
  34:Core/Src/syscalls.c **** /* Variables */
  35:Core/Src/syscalls.c **** extern int __io_putchar(int ch) __attribute__((weak));
  36:Core/Src/syscalls.c **** extern int __io_getchar(void) __attribute__((weak));
  37:Core/Src/syscalls.c **** 
  38:Core/Src/syscalls.c **** 
  39:Core/Src/syscalls.c **** char *__env[1] = { 0 };
  40:Core/Src/syscalls.c **** char **environ = __env;
  41:Core/Src/syscalls.c **** 
  42:Core/Src/syscalls.c **** 
  43:Core/Src/syscalls.c **** /* Functions */
  44:Core/Src/syscalls.c **** void initialise_monitor_handles()
  45:Core/Src/syscalls.c **** {
  27              		.loc 1 45 1 view -0
  28              		.cfi_startproc
  29              		@ args = 0, pretend = 0, frame = 0
  30              		@ frame_needed = 0, uses_anonymous_args = 0
  31              		@ link register save eliminated.
  46:Core/Src/syscalls.c **** }
  32              		.loc 1 46 1 view .LVU1
  33 0000 7047     		bx	lr
  34              		.cfi_endproc
  35              	.LFE25:
  37              		.section	.text._getpid,"ax",%progbits
  38              		.align	1
  39              		.global	_getpid
  40              		.syntax unified
  41              		.thumb
  42              		.thumb_func
  44              	_getpid:
  45              	.LFB26:
  47:Core/Src/syscalls.c **** 
  48:Core/Src/syscalls.c **** int _getpid(void)
  49:Core/Src/syscalls.c **** {
  46              		.loc 1 49 1 view -0
  47              		.cfi_startproc
  48              		@ args = 0, pretend = 0, frame = 0
  49              		@ frame_needed = 0, uses_anonymous_args = 0
  50              		@ link register save eliminated.
  50:Core/Src/syscalls.c ****   return 1;
  51              		.loc 1 50 3 view .LVU3
  51:Core/Src/syscalls.c **** }
  52              		.loc 1 51 1 is_stmt 0 view .LVU4
  53 0000 0120     		movs	r0, #1
  54 0002 7047     		bx	lr
  55              		.cfi_endproc
  56              	.LFE26:
  58              		.section	.text._kill,"ax",%progbits
  59              		.align	1
  60              		.global	_kill
  61              		.syntax unified
  62              		.thumb
  63              		.thumb_func
  65              	_kill:
  66              	.LVL0:
  67              	.LFB27:
  52:Core/Src/syscalls.c **** 
ARM GAS  C:\Users\0geda\AppData\Local\Temp\ccuFYyHx.s 			page 3


  53:Core/Src/syscalls.c **** int _kill(int pid, int sig)
  54:Core/Src/syscalls.c **** {
  68              		.loc 1 54 1 is_stmt 1 view -0
  69              		.cfi_startproc
  70              		@ args = 0, pretend = 0, frame = 0
  71              		@ frame_needed = 0, uses_anonymous_args = 0
  55:Core/Src/syscalls.c ****   (void)pid;
  72              		.loc 1 55 3 view .LVU6
  56:Core/Src/syscalls.c ****   (void)sig;
  73              		.loc 1 56 3 view .LVU7
  57:Core/Src/syscalls.c ****   errno = EINVAL;
  74              		.loc 1 57 3 view .LVU8
  54:Core/Src/syscalls.c ****   (void)pid;
  75              		.loc 1 54 1 is_stmt 0 view .LVU9
  76 0000 08B5     		push	{r3, lr}
  77              	.LCFI0:
  78              		.cfi_def_cfa_offset 8
  79              		.cfi_offset 3, -8
  80              		.cfi_offset 14, -4
  81              		.loc 1 57 3 view .LVU10
  82 0002 FFF7FEFF 		bl	__errno
  83              	.LVL1:
  84              		.loc 1 57 9 discriminator 1 view .LVU11
  85 0006 1623     		movs	r3, #22
  86 0008 0360     		str	r3, [r0]
  58:Core/Src/syscalls.c ****   return -1;
  87              		.loc 1 58 3 is_stmt 1 view .LVU12
  59:Core/Src/syscalls.c **** }
  88              		.loc 1 59 1 is_stmt 0 view .LVU13
  89 000a 4FF0FF30 		mov	r0, #-1
  90 000e 08BD     		pop	{r3, pc}
  91              		.cfi_endproc
  92              	.LFE27:
  94              		.section	.text._exit,"ax",%progbits
  95              		.align	1
  96              		.global	_exit
  97              		.syntax unified
  98              		.thumb
  99              		.thumb_func
 101              	_exit:
 102              	.LVL2:
 103              	.LFB28:
  60:Core/Src/syscalls.c **** 
  61:Core/Src/syscalls.c **** void _exit (int status)
  62:Core/Src/syscalls.c **** {
 104              		.loc 1 62 1 is_stmt 1 view -0
 105              		.cfi_startproc
 106              		@ Volatile: function does not return.
 107              		@ args = 0, pretend = 0, frame = 0
 108              		@ frame_needed = 0, uses_anonymous_args = 0
  63:Core/Src/syscalls.c ****   _kill(status, -1);
 109              		.loc 1 63 3 view .LVU15
 110              	.LBB4:
 111              	.LBI4:
  53:Core/Src/syscalls.c **** {
 112              		.loc 1 53 5 view .LVU16
 113              	.LBB5:
ARM GAS  C:\Users\0geda\AppData\Local\Temp\ccuFYyHx.s 			page 4


  55:Core/Src/syscalls.c ****   (void)sig;
 114              		.loc 1 55 3 view .LVU17
  56:Core/Src/syscalls.c ****   errno = EINVAL;
 115              		.loc 1 56 3 view .LVU18
  57:Core/Src/syscalls.c ****   return -1;
 116              		.loc 1 57 3 view .LVU19
 117              	.LBE5:
 118              	.LBE4:
  62:Core/Src/syscalls.c ****   _kill(status, -1);
 119              		.loc 1 62 1 is_stmt 0 view .LVU20
 120 0000 08B5     		push	{r3, lr}
 121              	.LCFI1:
 122              		.cfi_def_cfa_offset 8
 123              		.cfi_offset 3, -8
 124              		.cfi_offset 14, -4
 125              	.LBB7:
 126              	.LBB6:
  57:Core/Src/syscalls.c ****   return -1;
 127              		.loc 1 57 3 view .LVU21
 128 0002 FFF7FEFF 		bl	__errno
 129              	.LVL3:
  57:Core/Src/syscalls.c ****   return -1;
 130              		.loc 1 57 9 discriminator 1 view .LVU22
 131 0006 1623     		movs	r3, #22
 132 0008 0360     		str	r3, [r0]
  58:Core/Src/syscalls.c **** }
 133              		.loc 1 58 3 is_stmt 1 view .LVU23
 134              	.LVL4:
 135              	.L5:
  58:Core/Src/syscalls.c **** }
 136              		.loc 1 58 3 is_stmt 0 view .LVU24
 137              	.LBE6:
 138              	.LBE7:
  64:Core/Src/syscalls.c ****   while (1) {}    /* Make sure we hang here */
 139              		.loc 1 64 3 is_stmt 1 view .LVU25
 140              		.loc 1 64 14 view .LVU26
 141              		.loc 1 64 9 view .LVU27
 142 000a FEE7     		b	.L5
 143              		.cfi_endproc
 144              	.LFE28:
 146              		.section	.text._read,"ax",%progbits
 147              		.align	1
 148              		.weak	_read
 149              		.syntax unified
 150              		.thumb
 151              		.thumb_func
 153              	_read:
 154              	.LVL5:
 155              	.LFB29:
  65:Core/Src/syscalls.c **** }
  66:Core/Src/syscalls.c **** 
  67:Core/Src/syscalls.c **** __attribute__((weak)) int _read(int file, char *ptr, int len)
  68:Core/Src/syscalls.c **** {
 156              		.loc 1 68 1 view -0
 157              		.cfi_startproc
 158              		@ args = 0, pretend = 0, frame = 0
 159              		@ frame_needed = 0, uses_anonymous_args = 0
ARM GAS  C:\Users\0geda\AppData\Local\Temp\ccuFYyHx.s 			page 5


  69:Core/Src/syscalls.c ****   (void)file;
 160              		.loc 1 69 3 view .LVU29
  70:Core/Src/syscalls.c ****   int DataIdx;
 161              		.loc 1 70 3 view .LVU30
  71:Core/Src/syscalls.c **** 
  72:Core/Src/syscalls.c ****   for (DataIdx = 0; DataIdx < len; DataIdx++)
 162              		.loc 1 72 3 view .LVU31
  68:Core/Src/syscalls.c ****   (void)file;
 163              		.loc 1 68 1 is_stmt 0 view .LVU32
 164 0000 70B5     		push	{r4, r5, r6, lr}
 165              	.LCFI2:
 166              		.cfi_def_cfa_offset 16
 167              		.cfi_offset 4, -16
 168              		.cfi_offset 5, -12
 169              		.cfi_offset 6, -8
 170              		.cfi_offset 14, -4
  68:Core/Src/syscalls.c ****   (void)file;
 171              		.loc 1 68 1 view .LVU33
 172 0002 0D46     		mov	r5, r1
 173 0004 1446     		mov	r4, r2
 174              		.loc 1 72 3 view .LVU34
 175 0006 0E46     		mov	r6, r1
 176              	.LVL6:
 177              	.L7:
 178              		.loc 1 72 29 is_stmt 1 discriminator 1 view .LVU35
 179 0008 731B     		subs	r3, r6, r5
 180              	.LVL7:
 181              		.loc 1 72 29 is_stmt 0 discriminator 1 view .LVU36
 182 000a 9C42     		cmp	r4, r3
 183 000c 01DC     		bgt	.L8
  73:Core/Src/syscalls.c ****   {
  74:Core/Src/syscalls.c ****     *ptr++ = __io_getchar();
  75:Core/Src/syscalls.c ****   }
  76:Core/Src/syscalls.c **** 
  77:Core/Src/syscalls.c ****   return len;
 184              		.loc 1 77 3 is_stmt 1 view .LVU37
  78:Core/Src/syscalls.c **** }
 185              		.loc 1 78 1 is_stmt 0 view .LVU38
 186 000e 2046     		mov	r0, r4
 187 0010 70BD     		pop	{r4, r5, r6, pc}
 188              	.LVL8:
 189              	.L8:
  74:Core/Src/syscalls.c ****   }
 190              		.loc 1 74 5 is_stmt 1 view .LVU39
  74:Core/Src/syscalls.c ****   }
 191              		.loc 1 74 14 is_stmt 0 view .LVU40
 192 0012 FFF7FEFF 		bl	__io_getchar
 193              	.LVL9:
  74:Core/Src/syscalls.c ****   }
 194              		.loc 1 74 12 discriminator 1 view .LVU41
 195 0016 06F8010B 		strb	r0, [r6], #1
 196              	.LVL10:
  72:Core/Src/syscalls.c ****   {
 197              		.loc 1 72 43 is_stmt 1 discriminator 3 view .LVU42
  72:Core/Src/syscalls.c ****   {
 198              		.loc 1 72 43 is_stmt 0 discriminator 3 view .LVU43
 199 001a F5E7     		b	.L7
ARM GAS  C:\Users\0geda\AppData\Local\Temp\ccuFYyHx.s 			page 6


 200              		.cfi_endproc
 201              	.LFE29:
 203              		.section	.text._write,"ax",%progbits
 204              		.align	1
 205              		.weak	_write
 206              		.syntax unified
 207              		.thumb
 208              		.thumb_func
 210              	_write:
 211              	.LVL11:
 212              	.LFB30:
  79:Core/Src/syscalls.c **** 
  80:Core/Src/syscalls.c **** __attribute__((weak)) int _write(int file, char *ptr, int len)
  81:Core/Src/syscalls.c **** {
 213              		.loc 1 81 1 is_stmt 1 view -0
 214              		.cfi_startproc
 215              		@ args = 0, pretend = 0, frame = 0
 216              		@ frame_needed = 0, uses_anonymous_args = 0
  82:Core/Src/syscalls.c ****   (void)file;
 217              		.loc 1 82 3 view .LVU45
  83:Core/Src/syscalls.c ****   int DataIdx;
 218              		.loc 1 83 3 view .LVU46
  84:Core/Src/syscalls.c **** 
  85:Core/Src/syscalls.c ****   for (DataIdx = 0; DataIdx < len; DataIdx++)
 219              		.loc 1 85 3 view .LVU47
  81:Core/Src/syscalls.c ****   (void)file;
 220              		.loc 1 81 1 is_stmt 0 view .LVU48
 221 0000 70B5     		push	{r4, r5, r6, lr}
 222              	.LCFI3:
 223              		.cfi_def_cfa_offset 16
 224              		.cfi_offset 4, -16
 225              		.cfi_offset 5, -12
 226              		.cfi_offset 6, -8
 227              		.cfi_offset 14, -4
  81:Core/Src/syscalls.c ****   (void)file;
 228              		.loc 1 81 1 view .LVU49
 229 0002 0D46     		mov	r5, r1
 230 0004 1446     		mov	r4, r2
 231              		.loc 1 85 3 view .LVU50
 232 0006 0E46     		mov	r6, r1
 233              	.LVL12:
 234              	.L10:
 235              		.loc 1 85 29 is_stmt 1 discriminator 1 view .LVU51
 236 0008 731B     		subs	r3, r6, r5
 237              	.LVL13:
 238              		.loc 1 85 29 is_stmt 0 discriminator 1 view .LVU52
 239 000a 9C42     		cmp	r4, r3
 240 000c 01DC     		bgt	.L11
  86:Core/Src/syscalls.c ****   {
  87:Core/Src/syscalls.c ****     __io_putchar(*ptr++);
  88:Core/Src/syscalls.c ****   }
  89:Core/Src/syscalls.c ****   return len;
 241              		.loc 1 89 3 is_stmt 1 view .LVU53
  90:Core/Src/syscalls.c **** }
 242              		.loc 1 90 1 is_stmt 0 view .LVU54
 243 000e 2046     		mov	r0, r4
 244 0010 70BD     		pop	{r4, r5, r6, pc}
ARM GAS  C:\Users\0geda\AppData\Local\Temp\ccuFYyHx.s 			page 7


 245              	.LVL14:
 246              	.L11:
  87:Core/Src/syscalls.c ****   }
 247              		.loc 1 87 5 is_stmt 1 view .LVU55
  87:Core/Src/syscalls.c ****   }
 248              		.loc 1 87 5 is_stmt 0 view .LVU56
 249 0012 16F8010B 		ldrb	r0, [r6], #1	@ zero_extendqisi2
 250              	.LVL15:
  87:Core/Src/syscalls.c ****   }
 251              		.loc 1 87 5 view .LVU57
 252 0016 FFF7FEFF 		bl	__io_putchar
 253              	.LVL16:
  85:Core/Src/syscalls.c ****   {
 254              		.loc 1 85 43 is_stmt 1 discriminator 3 view .LVU58
  85:Core/Src/syscalls.c ****   {
 255              		.loc 1 85 43 is_stmt 0 discriminator 3 view .LVU59
 256 001a F5E7     		b	.L10
 257              		.cfi_endproc
 258              	.LFE30:
 260              		.section	.text._close,"ax",%progbits
 261              		.align	1
 262              		.global	_close
 263              		.syntax unified
 264              		.thumb
 265              		.thumb_func
 267              	_close:
 268              	.LVL17:
 269              	.LFB31:
  91:Core/Src/syscalls.c **** 
  92:Core/Src/syscalls.c **** int _close(int file)
  93:Core/Src/syscalls.c **** {
 270              		.loc 1 93 1 is_stmt 1 view -0
 271              		.cfi_startproc
 272              		@ args = 0, pretend = 0, frame = 0
 273              		@ frame_needed = 0, uses_anonymous_args = 0
 274              		@ link register save eliminated.
  94:Core/Src/syscalls.c ****   (void)file;
 275              		.loc 1 94 3 view .LVU61
  95:Core/Src/syscalls.c ****   return -1;
 276              		.loc 1 95 3 view .LVU62
  96:Core/Src/syscalls.c **** }
 277              		.loc 1 96 1 is_stmt 0 view .LVU63
 278 0000 4FF0FF30 		mov	r0, #-1
 279              	.LVL18:
 280              		.loc 1 96 1 view .LVU64
 281 0004 7047     		bx	lr
 282              		.cfi_endproc
 283              	.LFE31:
 285              		.section	.text._fstat,"ax",%progbits
 286              		.align	1
 287              		.global	_fstat
 288              		.syntax unified
 289              		.thumb
 290              		.thumb_func
 292              	_fstat:
 293              	.LVL19:
 294              	.LFB32:
ARM GAS  C:\Users\0geda\AppData\Local\Temp\ccuFYyHx.s 			page 8


  97:Core/Src/syscalls.c **** 
  98:Core/Src/syscalls.c **** 
  99:Core/Src/syscalls.c **** int _fstat(int file, struct stat *st)
 100:Core/Src/syscalls.c **** {
 295              		.loc 1 100 1 is_stmt 1 view -0
 296              		.cfi_startproc
 297              		@ args = 0, pretend = 0, frame = 0
 298              		@ frame_needed = 0, uses_anonymous_args = 0
 299              		@ link register save eliminated.
 101:Core/Src/syscalls.c ****   (void)file;
 300              		.loc 1 101 3 view .LVU66
 102:Core/Src/syscalls.c ****   st->st_mode = S_IFCHR;
 301              		.loc 1 102 3 view .LVU67
 302              		.loc 1 102 15 is_stmt 0 view .LVU68
 303 0000 4FF40053 		mov	r3, #8192
 304 0004 4B60     		str	r3, [r1, #4]
 103:Core/Src/syscalls.c ****   return 0;
 305              		.loc 1 103 3 is_stmt 1 view .LVU69
 104:Core/Src/syscalls.c **** }
 306              		.loc 1 104 1 is_stmt 0 view .LVU70
 307 0006 0020     		movs	r0, #0
 308              	.LVL20:
 309              		.loc 1 104 1 view .LVU71
 310 0008 7047     		bx	lr
 311              		.cfi_endproc
 312              	.LFE32:
 314              		.section	.text._isatty,"ax",%progbits
 315              		.align	1
 316              		.global	_isatty
 317              		.syntax unified
 318              		.thumb
 319              		.thumb_func
 321              	_isatty:
 322              	.LVL21:
 323              	.LFB33:
 105:Core/Src/syscalls.c **** 
 106:Core/Src/syscalls.c **** int _isatty(int file)
 107:Core/Src/syscalls.c **** {
 324              		.loc 1 107 1 is_stmt 1 view -0
 325              		.cfi_startproc
 326              		@ args = 0, pretend = 0, frame = 0
 327              		@ frame_needed = 0, uses_anonymous_args = 0
 328              		@ link register save eliminated.
 108:Core/Src/syscalls.c ****   (void)file;
 329              		.loc 1 108 3 view .LVU73
 109:Core/Src/syscalls.c ****   return 1;
 330              		.loc 1 109 3 view .LVU74
 110:Core/Src/syscalls.c **** }
 331              		.loc 1 110 1 is_stmt 0 view .LVU75
 332 0000 0120     		movs	r0, #1
 333              	.LVL22:
 334              		.loc 1 110 1 view .LVU76
 335 0002 7047     		bx	lr
 336              		.cfi_endproc
 337              	.LFE33:
 339              		.section	.text._lseek,"ax",%progbits
 340              		.align	1
ARM GAS  C:\Users\0geda\AppData\Local\Temp\ccuFYyHx.s 			page 9


 341              		.global	_lseek
 342              		.syntax unified
 343              		.thumb
 344              		.thumb_func
 346              	_lseek:
 347              	.LVL23:
 348              	.LFB34:
 111:Core/Src/syscalls.c **** 
 112:Core/Src/syscalls.c **** int _lseek(int file, int ptr, int dir)
 113:Core/Src/syscalls.c **** {
 349              		.loc 1 113 1 is_stmt 1 view -0
 350              		.cfi_startproc
 351              		@ args = 0, pretend = 0, frame = 0
 352              		@ frame_needed = 0, uses_anonymous_args = 0
 353              		@ link register save eliminated.
 114:Core/Src/syscalls.c ****   (void)file;
 354              		.loc 1 114 3 view .LVU78
 115:Core/Src/syscalls.c ****   (void)ptr;
 355              		.loc 1 115 3 view .LVU79
 116:Core/Src/syscalls.c ****   (void)dir;
 356              		.loc 1 116 3 view .LVU80
 117:Core/Src/syscalls.c ****   return 0;
 357              		.loc 1 117 3 view .LVU81
 118:Core/Src/syscalls.c **** }
 358              		.loc 1 118 1 is_stmt 0 view .LVU82
 359 0000 0020     		movs	r0, #0
 360              	.LVL24:
 361              		.loc 1 118 1 view .LVU83
 362 0002 7047     		bx	lr
 363              		.cfi_endproc
 364              	.LFE34:
 366              		.section	.text._open,"ax",%progbits
 367              		.align	1
 368              		.global	_open
 369              		.syntax unified
 370              		.thumb
 371              		.thumb_func
 373              	_open:
 374              	.LVL25:
 375              	.LFB35:
 119:Core/Src/syscalls.c **** 
 120:Core/Src/syscalls.c **** int _open(char *path, int flags, ...)
 121:Core/Src/syscalls.c **** {
 376              		.loc 1 121 1 is_stmt 1 view -0
 377              		.cfi_startproc
 378              		@ args = 4, pretend = 12, frame = 0
 379              		@ frame_needed = 0, uses_anonymous_args = 1
 380              		@ link register save eliminated.
 122:Core/Src/syscalls.c ****   (void)path;
 381              		.loc 1 122 3 view .LVU85
 123:Core/Src/syscalls.c ****   (void)flags;
 382              		.loc 1 123 3 view .LVU86
 124:Core/Src/syscalls.c ****   /* Pretend like we always fail */
 125:Core/Src/syscalls.c ****   return -1;
 383              		.loc 1 125 3 view .LVU87
 121:Core/Src/syscalls.c ****   (void)path;
 384              		.loc 1 121 1 is_stmt 0 view .LVU88
ARM GAS  C:\Users\0geda\AppData\Local\Temp\ccuFYyHx.s 			page 10


 385 0000 0EB4     		push	{r1, r2, r3}
 386              	.LCFI4:
 387              		.cfi_def_cfa_offset 12
 388              		.cfi_offset 1, -12
 389              		.cfi_offset 2, -8
 390              		.cfi_offset 3, -4
 126:Core/Src/syscalls.c **** }
 391              		.loc 1 126 1 view .LVU89
 392 0002 4FF0FF30 		mov	r0, #-1
 393              	.LVL26:
 394              		.loc 1 126 1 view .LVU90
 395 0006 03B0     		add	sp, sp, #12
 396              	.LCFI5:
 397              		.cfi_restore 3
 398              		.cfi_restore 2
 399              		.cfi_restore 1
 400              		.cfi_def_cfa_offset 0
 401 0008 7047     		bx	lr
 402              		.cfi_endproc
 403              	.LFE35:
 405              		.section	.text._wait,"ax",%progbits
 406              		.align	1
 407              		.global	_wait
 408              		.syntax unified
 409              		.thumb
 410              		.thumb_func
 412              	_wait:
 413              	.LVL27:
 414              	.LFB36:
 127:Core/Src/syscalls.c **** 
 128:Core/Src/syscalls.c **** int _wait(int *status)
 129:Core/Src/syscalls.c **** {
 415              		.loc 1 129 1 is_stmt 1 view -0
 416              		.cfi_startproc
 417              		@ args = 0, pretend = 0, frame = 0
 418              		@ frame_needed = 0, uses_anonymous_args = 0
 130:Core/Src/syscalls.c ****   (void)status;
 419              		.loc 1 130 3 view .LVU92
 131:Core/Src/syscalls.c ****   errno = ECHILD;
 420              		.loc 1 131 3 view .LVU93
 129:Core/Src/syscalls.c ****   (void)status;
 421              		.loc 1 129 1 is_stmt 0 view .LVU94
 422 0000 08B5     		push	{r3, lr}
 423              	.LCFI6:
 424              		.cfi_def_cfa_offset 8
 425              		.cfi_offset 3, -8
 426              		.cfi_offset 14, -4
 427              		.loc 1 131 3 view .LVU95
 428 0002 FFF7FEFF 		bl	__errno
 429              	.LVL28:
 430              		.loc 1 131 9 discriminator 1 view .LVU96
 431 0006 0A23     		movs	r3, #10
 432 0008 0360     		str	r3, [r0]
 132:Core/Src/syscalls.c ****   return -1;
 433              		.loc 1 132 3 is_stmt 1 view .LVU97
 133:Core/Src/syscalls.c **** }
 434              		.loc 1 133 1 is_stmt 0 view .LVU98
ARM GAS  C:\Users\0geda\AppData\Local\Temp\ccuFYyHx.s 			page 11


 435 000a 4FF0FF30 		mov	r0, #-1
 436 000e 08BD     		pop	{r3, pc}
 437              		.cfi_endproc
 438              	.LFE36:
 440              		.section	.text._unlink,"ax",%progbits
 441              		.align	1
 442              		.global	_unlink
 443              		.syntax unified
 444              		.thumb
 445              		.thumb_func
 447              	_unlink:
 448              	.LVL29:
 449              	.LFB37:
 134:Core/Src/syscalls.c **** 
 135:Core/Src/syscalls.c **** int _unlink(char *name)
 136:Core/Src/syscalls.c **** {
 450              		.loc 1 136 1 is_stmt 1 view -0
 451              		.cfi_startproc
 452              		@ args = 0, pretend = 0, frame = 0
 453              		@ frame_needed = 0, uses_anonymous_args = 0
 137:Core/Src/syscalls.c ****   (void)name;
 454              		.loc 1 137 3 view .LVU100
 138:Core/Src/syscalls.c ****   errno = ENOENT;
 455              		.loc 1 138 3 view .LVU101
 136:Core/Src/syscalls.c ****   (void)name;
 456              		.loc 1 136 1 is_stmt 0 view .LVU102
 457 0000 08B5     		push	{r3, lr}
 458              	.LCFI7:
 459              		.cfi_def_cfa_offset 8
 460              		.cfi_offset 3, -8
 461              		.cfi_offset 14, -4
 462              		.loc 1 138 3 view .LVU103
 463 0002 FFF7FEFF 		bl	__errno
 464              	.LVL30:
 465              		.loc 1 138 9 discriminator 1 view .LVU104
 466 0006 0223     		movs	r3, #2
 467 0008 0360     		str	r3, [r0]
 139:Core/Src/syscalls.c ****   return -1;
 468              		.loc 1 139 3 is_stmt 1 view .LVU105
 140:Core/Src/syscalls.c **** }
 469              		.loc 1 140 1 is_stmt 0 view .LVU106
 470 000a 4FF0FF30 		mov	r0, #-1
 471 000e 08BD     		pop	{r3, pc}
 472              		.cfi_endproc
 473              	.LFE37:
 475              		.section	.text._times,"ax",%progbits
 476              		.align	1
 477              		.global	_times
 478              		.syntax unified
 479              		.thumb
 480              		.thumb_func
 482              	_times:
 483              	.LVL31:
 484              	.LFB38:
 141:Core/Src/syscalls.c **** 
 142:Core/Src/syscalls.c **** clock_t _times(struct tms *buf)
 143:Core/Src/syscalls.c **** {
ARM GAS  C:\Users\0geda\AppData\Local\Temp\ccuFYyHx.s 			page 12


 485              		.loc 1 143 1 is_stmt 1 view -0
 486              		.cfi_startproc
 487              		@ args = 0, pretend = 0, frame = 0
 488              		@ frame_needed = 0, uses_anonymous_args = 0
 489              		@ link register save eliminated.
 144:Core/Src/syscalls.c ****   (void)buf;
 490              		.loc 1 144 3 view .LVU108
 145:Core/Src/syscalls.c ****   return -1;
 491              		.loc 1 145 3 view .LVU109
 146:Core/Src/syscalls.c **** }
 492              		.loc 1 146 1 is_stmt 0 view .LVU110
 493 0000 4FF0FF30 		mov	r0, #-1
 494              	.LVL32:
 495              		.loc 1 146 1 view .LVU111
 496 0004 7047     		bx	lr
 497              		.cfi_endproc
 498              	.LFE38:
 500              		.section	.text._stat,"ax",%progbits
 501              		.align	1
 502              		.global	_stat
 503              		.syntax unified
 504              		.thumb
 505              		.thumb_func
 507              	_stat:
 508              	.LVL33:
 509              	.LFB39:
 147:Core/Src/syscalls.c **** 
 148:Core/Src/syscalls.c **** int _stat(const char *file, struct stat *st)
 149:Core/Src/syscalls.c **** {
 510              		.loc 1 149 1 is_stmt 1 view -0
 511              		.cfi_startproc
 512              		@ args = 0, pretend = 0, frame = 0
 513              		@ frame_needed = 0, uses_anonymous_args = 0
 514              		@ link register save eliminated.
 150:Core/Src/syscalls.c ****   (void)file;
 515              		.loc 1 150 3 view .LVU113
 151:Core/Src/syscalls.c ****   st->st_mode = S_IFCHR;
 516              		.loc 1 151 3 view .LVU114
 517              		.loc 1 151 15 is_stmt 0 view .LVU115
 518 0000 4FF40053 		mov	r3, #8192
 519 0004 4B60     		str	r3, [r1, #4]
 152:Core/Src/syscalls.c ****   return 0;
 520              		.loc 1 152 3 is_stmt 1 view .LVU116
 153:Core/Src/syscalls.c **** }
 521              		.loc 1 153 1 is_stmt 0 view .LVU117
 522 0006 0020     		movs	r0, #0
 523              	.LVL34:
 524              		.loc 1 153 1 view .LVU118
 525 0008 7047     		bx	lr
 526              		.cfi_endproc
 527              	.LFE39:
 529              		.section	.text._link,"ax",%progbits
 530              		.align	1
 531              		.global	_link
 532              		.syntax unified
 533              		.thumb
 534              		.thumb_func
ARM GAS  C:\Users\0geda\AppData\Local\Temp\ccuFYyHx.s 			page 13


 536              	_link:
 537              	.LVL35:
 538              	.LFB40:
 154:Core/Src/syscalls.c **** 
 155:Core/Src/syscalls.c **** int _link(char *old, char *new)
 156:Core/Src/syscalls.c **** {
 539              		.loc 1 156 1 is_stmt 1 view -0
 540              		.cfi_startproc
 541              		@ args = 0, pretend = 0, frame = 0
 542              		@ frame_needed = 0, uses_anonymous_args = 0
 157:Core/Src/syscalls.c ****   (void)old;
 543              		.loc 1 157 3 view .LVU120
 158:Core/Src/syscalls.c ****   (void)new;
 544              		.loc 1 158 3 view .LVU121
 159:Core/Src/syscalls.c ****   errno = EMLINK;
 545              		.loc 1 159 3 view .LVU122
 156:Core/Src/syscalls.c ****   (void)old;
 546              		.loc 1 156 1 is_stmt 0 view .LVU123
 547 0000 08B5     		push	{r3, lr}
 548              	.LCFI8:
 549              		.cfi_def_cfa_offset 8
 550              		.cfi_offset 3, -8
 551              		.cfi_offset 14, -4
 552              		.loc 1 159 3 view .LVU124
 553 0002 FFF7FEFF 		bl	__errno
 554              	.LVL36:
 555              		.loc 1 159 9 discriminator 1 view .LVU125
 556 0006 1F23     		movs	r3, #31
 557 0008 0360     		str	r3, [r0]
 160:Core/Src/syscalls.c ****   return -1;
 558              		.loc 1 160 3 is_stmt 1 view .LVU126
 161:Core/Src/syscalls.c **** }
 559              		.loc 1 161 1 is_stmt 0 view .LVU127
 560 000a 4FF0FF30 		mov	r0, #-1
 561 000e 08BD     		pop	{r3, pc}
 562              		.cfi_endproc
 563              	.LFE40:
 565              		.section	.text._fork,"ax",%progbits
 566              		.align	1
 567              		.global	_fork
 568              		.syntax unified
 569              		.thumb
 570              		.thumb_func
 572              	_fork:
 573              	.LFB41:
 162:Core/Src/syscalls.c **** 
 163:Core/Src/syscalls.c **** int _fork(void)
 164:Core/Src/syscalls.c **** {
 574              		.loc 1 164 1 is_stmt 1 view -0
 575              		.cfi_startproc
 576              		@ args = 0, pretend = 0, frame = 0
 577              		@ frame_needed = 0, uses_anonymous_args = 0
 165:Core/Src/syscalls.c ****   errno = EAGAIN;
 578              		.loc 1 165 3 view .LVU129
 164:Core/Src/syscalls.c ****   errno = EAGAIN;
 579              		.loc 1 164 1 is_stmt 0 view .LVU130
 580 0000 08B5     		push	{r3, lr}
ARM GAS  C:\Users\0geda\AppData\Local\Temp\ccuFYyHx.s 			page 14


 581              	.LCFI9:
 582              		.cfi_def_cfa_offset 8
 583              		.cfi_offset 3, -8
 584              		.cfi_offset 14, -4
 585              		.loc 1 165 3 view .LVU131
 586 0002 FFF7FEFF 		bl	__errno
 587              	.LVL37:
 588              		.loc 1 165 9 discriminator 1 view .LVU132
 589 0006 0B23     		movs	r3, #11
 590 0008 0360     		str	r3, [r0]
 166:Core/Src/syscalls.c ****   return -1;
 591              		.loc 1 166 3 is_stmt 1 view .LVU133
 167:Core/Src/syscalls.c **** }
 592              		.loc 1 167 1 is_stmt 0 view .LVU134
 593 000a 4FF0FF30 		mov	r0, #-1
 594 000e 08BD     		pop	{r3, pc}
 595              		.cfi_endproc
 596              	.LFE41:
 598              		.section	.text._execve,"ax",%progbits
 599              		.align	1
 600              		.global	_execve
 601              		.syntax unified
 602              		.thumb
 603              		.thumb_func
 605              	_execve:
 606              	.LVL38:
 607              	.LFB42:
 168:Core/Src/syscalls.c **** 
 169:Core/Src/syscalls.c **** int _execve(char *name, char **argv, char **env)
 170:Core/Src/syscalls.c **** {
 608              		.loc 1 170 1 is_stmt 1 view -0
 609              		.cfi_startproc
 610              		@ args = 0, pretend = 0, frame = 0
 611              		@ frame_needed = 0, uses_anonymous_args = 0
 171:Core/Src/syscalls.c ****   (void)name;
 612              		.loc 1 171 3 view .LVU136
 172:Core/Src/syscalls.c ****   (void)argv;
 613              		.loc 1 172 3 view .LVU137
 173:Core/Src/syscalls.c ****   (void)env;
 614              		.loc 1 173 3 view .LVU138
 174:Core/Src/syscalls.c ****   errno = ENOMEM;
 615              		.loc 1 174 3 view .LVU139
 170:Core/Src/syscalls.c ****   (void)name;
 616              		.loc 1 170 1 is_stmt 0 view .LVU140
 617 0000 08B5     		push	{r3, lr}
 618              	.LCFI10:
 619              		.cfi_def_cfa_offset 8
 620              		.cfi_offset 3, -8
 621              		.cfi_offset 14, -4
 622              		.loc 1 174 3 view .LVU141
 623 0002 FFF7FEFF 		bl	__errno
 624              	.LVL39:
 625              		.loc 1 174 9 discriminator 1 view .LVU142
 626 0006 0C23     		movs	r3, #12
 627 0008 0360     		str	r3, [r0]
 175:Core/Src/syscalls.c ****   return -1;
 628              		.loc 1 175 3 is_stmt 1 view .LVU143
ARM GAS  C:\Users\0geda\AppData\Local\Temp\ccuFYyHx.s 			page 15


 176:Core/Src/syscalls.c **** }
 629              		.loc 1 176 1 is_stmt 0 view .LVU144
 630 000a 4FF0FF30 		mov	r0, #-1
 631 000e 08BD     		pop	{r3, pc}
 632              		.cfi_endproc
 633              	.LFE42:
 635              		.global	environ
 636              		.section	.data.environ,"aw"
 637              		.align	2
 640              	environ:
 641 0000 00000000 		.word	__env
 642              		.global	__env
 643              		.section	.bss.__env,"aw",%nobits
 644              		.align	2
 647              	__env:
 648 0000 00000000 		.space	4
 649              		.weak	__io_putchar
 650              		.weak	__io_getchar
 651              		.text
 652              	.Letext0:
 653              		.file 2 "C:\\ST\\STM32CubeIDE_1.19.0\\STM32CubeIDE\\plugins\\com.st.stm32cube.ide.mcu.externaltool
 654              		.file 3 "C:\\ST\\STM32CubeIDE_1.19.0\\STM32CubeIDE\\plugins\\com.st.stm32cube.ide.mcu.externaltool
 655              		.file 4 "C:\\ST\\STM32CubeIDE_1.19.0\\STM32CubeIDE\\plugins\\com.st.stm32cube.ide.mcu.externaltool
 656              		.file 5 "C:\\ST\\STM32CubeIDE_1.19.0\\STM32CubeIDE\\plugins\\com.st.stm32cube.ide.mcu.externaltool
 657              		.file 6 "C:\\ST\\STM32CubeIDE_1.19.0\\STM32CubeIDE\\plugins\\com.st.stm32cube.ide.mcu.externaltool
 658              		.file 7 "C:\\ST\\STM32CubeIDE_1.19.0\\STM32CubeIDE\\plugins\\com.st.stm32cube.ide.mcu.externaltool
 659              		.file 8 "C:\\ST\\STM32CubeIDE_1.19.0\\STM32CubeIDE\\plugins\\com.st.stm32cube.ide.mcu.externaltool
 660              		.file 9 "C:\\ST\\STM32CubeIDE_1.19.0\\STM32CubeIDE\\plugins\\com.st.stm32cube.ide.mcu.externaltool
ARM GAS  C:\Users\0geda\AppData\Local\Temp\ccuFYyHx.s 			page 16


DEFINED SYMBOLS
                            *ABS*:00000000 syscalls.c
C:\Users\0geda\AppData\Local\Temp\ccuFYyHx.s:19     .text.initialise_monitor_handles:00000000 $t
C:\Users\0geda\AppData\Local\Temp\ccuFYyHx.s:25     .text.initialise_monitor_handles:00000000 initialise_monitor_handles
C:\Users\0geda\AppData\Local\Temp\ccuFYyHx.s:38     .text._getpid:00000000 $t
C:\Users\0geda\AppData\Local\Temp\ccuFYyHx.s:44     .text._getpid:00000000 _getpid
C:\Users\0geda\AppData\Local\Temp\ccuFYyHx.s:59     .text._kill:00000000 $t
C:\Users\0geda\AppData\Local\Temp\ccuFYyHx.s:65     .text._kill:00000000 _kill
C:\Users\0geda\AppData\Local\Temp\ccuFYyHx.s:95     .text._exit:00000000 $t
C:\Users\0geda\AppData\Local\Temp\ccuFYyHx.s:101    .text._exit:00000000 _exit
C:\Users\0geda\AppData\Local\Temp\ccuFYyHx.s:147    .text._read:00000000 $t
C:\Users\0geda\AppData\Local\Temp\ccuFYyHx.s:153    .text._read:00000000 _read
C:\Users\0geda\AppData\Local\Temp\ccuFYyHx.s:204    .text._write:00000000 $t
C:\Users\0geda\AppData\Local\Temp\ccuFYyHx.s:210    .text._write:00000000 _write
C:\Users\0geda\AppData\Local\Temp\ccuFYyHx.s:261    .text._close:00000000 $t
C:\Users\0geda\AppData\Local\Temp\ccuFYyHx.s:267    .text._close:00000000 _close
C:\Users\0geda\AppData\Local\Temp\ccuFYyHx.s:286    .text._fstat:00000000 $t
C:\Users\0geda\AppData\Local\Temp\ccuFYyHx.s:292    .text._fstat:00000000 _fstat
C:\Users\0geda\AppData\Local\Temp\ccuFYyHx.s:315    .text._isatty:00000000 $t
C:\Users\0geda\AppData\Local\Temp\ccuFYyHx.s:321    .text._isatty:00000000 _isatty
C:\Users\0geda\AppData\Local\Temp\ccuFYyHx.s:340    .text._lseek:00000000 $t
C:\Users\0geda\AppData\Local\Temp\ccuFYyHx.s:346    .text._lseek:00000000 _lseek
C:\Users\0geda\AppData\Local\Temp\ccuFYyHx.s:367    .text._open:00000000 $t
C:\Users\0geda\AppData\Local\Temp\ccuFYyHx.s:373    .text._open:00000000 _open
C:\Users\0geda\AppData\Local\Temp\ccuFYyHx.s:406    .text._wait:00000000 $t
C:\Users\0geda\AppData\Local\Temp\ccuFYyHx.s:412    .text._wait:00000000 _wait
C:\Users\0geda\AppData\Local\Temp\ccuFYyHx.s:441    .text._unlink:00000000 $t
C:\Users\0geda\AppData\Local\Temp\ccuFYyHx.s:447    .text._unlink:00000000 _unlink
C:\Users\0geda\AppData\Local\Temp\ccuFYyHx.s:476    .text._times:00000000 $t
C:\Users\0geda\AppData\Local\Temp\ccuFYyHx.s:482    .text._times:00000000 _times
C:\Users\0geda\AppData\Local\Temp\ccuFYyHx.s:501    .text._stat:00000000 $t
C:\Users\0geda\AppData\Local\Temp\ccuFYyHx.s:507    .text._stat:00000000 _stat
C:\Users\0geda\AppData\Local\Temp\ccuFYyHx.s:530    .text._link:00000000 $t
C:\Users\0geda\AppData\Local\Temp\ccuFYyHx.s:536    .text._link:00000000 _link
C:\Users\0geda\AppData\Local\Temp\ccuFYyHx.s:566    .text._fork:00000000 $t
C:\Users\0geda\AppData\Local\Temp\ccuFYyHx.s:572    .text._fork:00000000 _fork
C:\Users\0geda\AppData\Local\Temp\ccuFYyHx.s:599    .text._execve:00000000 $t
C:\Users\0geda\AppData\Local\Temp\ccuFYyHx.s:605    .text._execve:00000000 _execve
C:\Users\0geda\AppData\Local\Temp\ccuFYyHx.s:640    .data.environ:00000000 environ
C:\Users\0geda\AppData\Local\Temp\ccuFYyHx.s:637    .data.environ:00000000 $d
C:\Users\0geda\AppData\Local\Temp\ccuFYyHx.s:647    .bss.__env:00000000 __env
C:\Users\0geda\AppData\Local\Temp\ccuFYyHx.s:644    .bss.__env:00000000 $d

UNDEFINED SYMBOLS
__errno
__io_getchar
__io_putchar
